<?xml version="1.0" encoding="UTF-8"?>
<!-- Generated by org.testng.reporters.JUnitXMLReporter -->
<testsuite hostname="Naresh" ignored="1" name="Default test" tests="1" failures="1" timestamp="04 Apr 2018 20:15:42 GMT" time="3.103" errors="0">
  <testcase name="get" time="3.026" classname="restFramework.com.rest.service.Service">
    <failure type="java.lang.StackOverflowError">
      <![CDATA[java.lang.StackOverflowError
at org.json.JSONObject$Null.equals(JSONObject.java:130)
at org.json.JSONObject.wrap(JSONObject.java:2150)
at org.json.JSONArray.<init>(JSONArray.java:193)
at org.json.JSONObject.wrap(JSONObject.java:2165)
at org.json.JSONObject.populateMap(JSONObject.java:1460)
at org.json.JSONObject.<init>(JSONObject.java:315)
at org.json.JSONObject.wrap(JSONObject.java:2179)
at org.json.JSONArray.<init>(JSONArray.java:193)
at org.json.JSONObject.wrap(JSONObject.java:2165)
at org.json.JSONObject.populateMap(JSONObject.java:1460)
at org.json.JSONObject.<init>(JSONObject.java:315)
at org.json.JSONObject.wrap(JSONObject.java:2179)
at org.json.JSONArray.<init>(JSONArray.java:193)
at org.json.JSONObject.wrap(JSONObject.java:2165)
at org.json.JSONObject.populateMap(JSONObject.java:1460)
at org.json.JSONObject.<init>(JSONObject.java:315)
at org.json.JSONObject.wrap(JSONObject.java:2179)
at org.json.JSONArray.<init>(JSONArray.java:193)
at org.json.JSONObject.wrap(JSONObject.java:2165)
at org.json.JSONObject.populateMap(JSONObject.java:1460)
at org.json.JSONObject.<init>(JSONObject.java:315)
at org.json.JSONObject.wrap(JSONObject.java:2179)
at org.json.JSONArray.<init>(JSONArray.java:193)
at org.json.JSONObject.wrap(JSONObject.java:2165)
at org.json.JSONObject.populateMap(JSONObject.java:1460)
at org.json.JSONObject.<init>(JSONObject.java:315)
at org.json.JSONObject.wrap(JSONObject.java:2179)
at org.json.JSONArray.<init>(JSONArray.java:193)
at org.json.JSONObject.wrap(JSONObject.java:2165)
at org.json.JSONObject.populateMap(JSONObject.java:1460)
at org.json.JSONObject.<init>(JSONObject.java:315)
at org.json.JSONObject.wrap(JSONObject.java:2179)
at org.json.JSONArray.<init>(JSONArray.java:193)
at org.json.JSONObject.wrap(JSONObject.java:2165)
at org.json.JSONObject.populateMap(JSONObject.java:1460)
at org.json.JSONObject.<init>(JSONObject.java:315)
at org.json.JSONObject.wrap(JSONObject.java:2179)
at org.json.JSONArray.<init>(JSONArray.java:193)
at org.json.JSONObject.wrap(JSONObject.java:2165)
at org.json.JSONObject.populateMap(JSONObject.java:1460)
at org.json.JSONObject.<init>(JSONObject.java:315)
at org.json.JSONObject.wrap(JSONObject.java:2179)
at org.json.JSONArray.<init>(JSONArray.java:193)
at org.json.JSONObject.wrap(JSONObject.java:2165)
at org.json.JSONObject.populateMap(JSONObject.java:1460)
at org.json.JSONObject.<init>(JSONObject.java:315)
at org.json.JSONObject.wrap(JSONObject.java:2179)
at org.json.JSONArray.<init>(JSONArray.java:193)
at org.json.JSONObject.wrap(JSONObject.java:2165)
at org.json.JSONObject.populateMap(JSONObject.java:1460)
at org.json.JSONObject.<init>(JSONObject.java:315)
at org.json.JSONObject.wrap(JSONObject.java:2179)
at org.json.JSONArray.<init>(JSONArray.java:193)
at org.json.JSONObject.wrap(JSONObject.java:2165)
at org.json.JSONObject.populateMap(JSONObject.java:1460)
at org.json.JSONObject.<init>(JSONObject.java:315)
at org.json.JSONObject.wrap(JSONObject.java:2179)
at org.json.JSONArray.<init>(JSONArray.java:193)
at org.json.JSONObject.wrap(JSONObject.java:2165)
at org.json.JSONObject.populateMap(JSONObject.java:1460)
at org.json.JSONObject.<init>(JSONObject.java:315)
at org.json.JSONObject.wrap(JSONObject.java:2179)
at org.json.JSONArray.<init>(JSONArray.java:193)
at org.json.JSONObject.wrap(JSONObject.java:2165)
at org.json.JSONObject.populateMap(JSONObject.java:1460)
at org.json.JSONObject.<init>(JSONObject.java:315)
at org.json.JSONObject.wrap(JSONObject.java:2179)
at org.json.JSONArray.<init>(JSONArray.java:193)
at org.json.JSONObject.wrap(JSONObject.java:2165)
at org.json.JSONObject.populateMap(JSONObject.java:1460)
at org.json.JSONObject.<init>(JSONObject.java:315)
at org.json.JSONObject.wrap(JSONObject.java:2179)
at org.json.JSONArray.<init>(JSONArray.java:193)
at org.json.JSONObject.wrap(JSONObject.java:2165)
at org.json.JSONObject.populateMap(JSONObject.java:1460)
at org.json.JSONObject.<init>(JSONObject.java:315)
at org.json.JSONObject.wrap(JSONObject.java:2179)
at org.json.JSONArray.<init>(JSONArray.java:193)
at org.json.JSONObject.wrap(JSONObject.java:2165)
at org.json.JSONObject.populateMap(JSONObject.java:1460)
at org.json.JSONObject.<init>(JSONObject.java:315)
at org.json.JSONObject.wrap(JSONObject.java:2179)
at org.json.JSONArray.<init>(JSONArray.java:193)
at org.json.JSONObject.wrap(JSONObject.java:2165)
at org.json.JSONObject.populateMap(JSONObject.java:1460)
at org.json.JSONObject.<init>(JSONObject.java:315)
at org.json.JSONObject.wrap(JSONObject.java:2179)
at org.json.JSONArray.<init>(JSONArray.java:193)
at org.json.JSONObject.wrap(JSONObject.java:2165)
at org.json.JSONObject.populateMap(JSONObject.java:1460)
at org.json.JSONObject.<init>(JSONObject.java:315)
at org.json.JSONObject.wrap(JSONObject.java:2179)
at org.json.JSONArray.<init>(JSONArray.java:193)
at org.json.JSONObject.wrap(JSONObject.java:2165)
at org.json.JSONObject.populateMap(JSONObject.java:1460)
at org.json.JSONObject.<init>(JSONObject.java:315)
at org.json.JSONObject.wrap(JSONObject.java:2179)
at org.json.JSONArray.<init>(JSONArray.java:193)
at org.json.JSONObject.wrap(JSONObject.java:2165)
at org.json.JSONObject.populateMap(JSONObject.java:1460)
at org.json.JSONObject.<init>(JSONObject.java:315)
at org.json.JSONObject.wrap(JSONObject.java:2179)
at org.json.JSONArray.<init>(JSONArray.java:193)
at org.json.JSONObject.wrap(JSONObject.java:2165)
at org.json.JSONObject.populateMap(JSONObject.java:1460)
at org.json.JSONObject.<init>(JSONObject.java:315)
at org.json.JSONObject.wrap(JSONObject.java:2179)
at org.json.JSONArray.<init>(JSONArray.java:193)
at org.json.JSONObject.wrap(JSONObject.java:2165)
at org.json.JSONObject.populateMap(JSONObject.java:1460)
at org.json.JSONObject.<init>(JSONObject.java:315)
at org.json.JSONObject.wrap(JSONObject.java:2179)
at org.json.JSONArray.<init>(JSONArray.java:193)
at org.json.JSONObject.wrap(JSONObject.java:2165)
at org.json.JSONObject.populateMap(JSONObject.java:1460)
at org.json.JSONObject.<init>(JSONObject.java:315)
at org.json.JSONObject.wrap(JSONObject.java:2179)
at org.json.JSONArray.<init>(JSONArray.java:193)
at org.json.JSONObject.wrap(JSONObject.java:2165)
at org.json.JSONObject.populateMap(JSONObject.java:1460)
at org.json.JSONObject.<init>(JSONObject.java:315)
at org.json.JSONObject.wrap(JSONObject.java:2179)
at org.json.JSONArray.<init>(JSONArray.java:193)
at org.json.JSONObject.wrap(JSONObject.java:2165)
at org.json.JSONObject.populateMap(JSONObject.java:1460)
at org.json.JSONObject.<init>(JSONObject.java:315)
at org.json.JSONObject.wrap(JSONObject.java:2179)
at org.json.JSONArray.<init>(JSONArray.java:193)
at org.json.JSONObject.wrap(JSONObject.java:2165)
at org.json.JSONObject.populateMap(JSONObject.java:1460)
at org.json.JSONObject.<init>(JSONObject.java:315)
at org.json.JSONObject.wrap(JSONObject.java:2179)
at org.json.JSONArray.<init>(JSONArray.java:193)
at org.json.JSONObject.wrap(JSONObject.java:2165)
at org.json.JSONObject.populateMap(JSONObject.java:1460)
at org.json.JSONObject.<init>(JSONObject.java:315)
at org.json.JSONObject.wrap(JSONObject.java:2179)
at org.json.JSONArray.<init>(JSONArray.java:193)
at org.json.JSONObject.wrap(JSONObject.java:2165)
at org.json.JSONObject.populateMap(JSONObject.java:1460)
at org.json.JSONObject.<init>(JSONObject.java:315)
at org.json.JSONObject.wrap(JSONObject.java:2179)
at org.json.JSONArray.<init>(JSONArray.java:193)
at org.json.JSONObject.wrap(JSONObject.java:2165)
at org.json.JSONObject.populateMap(JSONObject.java:1460)
at org.json.JSONObject.<init>(JSONObject.java:315)
at org.json.JSONObject.wrap(JSONObject.java:2179)
at org.json.JSONArray.<init>(JSONArray.java:193)
at org.json.JSONObject.wrap(JSONObject.java:2165)
at org.json.JSONObject.populateMap(JSONObject.java:1460)
at org.json.JSONObject.<init>(JSONObject.java:315)
at org.json.JSONObject.wrap(JSONObject.java:2179)
at org.json.JSONArray.<init>(JSONArray.java:193)
at org.json.JSONObject.wrap(JSONObject.java:2165)
at org.json.JSONObject.populateMap(JSONObject.java:1460)
at org.json.JSONObject.<init>(JSONObject.java:315)
at org.json.JSONObject.wrap(JSONObject.java:2179)
at org.json.JSONArray.<init>(JSONArray.java:193)
at org.json.JSONObject.wrap(JSONObject.java:2165)
at org.json.JSONObject.populateMap(JSONObject.java:1460)
at org.json.JSONObject.<init>(JSONObject.java:315)
at org.json.JSONObject.wrap(JSONObject.java:2179)
at org.json.JSONArray.<init>(JSONArray.java:193)
at org.json.JSONObject.wrap(JSONObject.java:2165)
at org.json.JSONObject.populateMap(JSONObject.java:1460)
at org.json.JSONObject.<init>(JSONObject.java:315)
at org.json.JSONObject.wrap(JSONObject.java:2179)
at org.json.JSONArray.<init>(JSONArray.java:193)
at org.json.JSONObject.wrap(JSONObject.java:2165)
at org.json.JSONObject.populateMap(JSONObject.java:1460)
at org.json.JSONObject.<init>(JSONObject.java:315)
at org.json.JSONObject.wrap(JSONObject.java:2179)
at org.json.JSONArray.<init>(JSONArray.java:193)
at org.json.JSONObject.wrap(JSONObject.java:2165)
at org.json.JSONObject.populateMap(JSONObject.java:1460)
at org.json.JSONObject.<init>(JSONObject.java:315)
at org.json.JSONObject.wrap(JSONObject.java:2179)
at org.json.JSONArray.<init>(JSONArray.java:193)
at org.json.JSONObject.wrap(JSONObject.java:2165)
at org.json.JSONObject.populateMap(JSONObject.java:1460)
at org.json.JSONObject.<init>(JSONObject.java:315)
at org.json.JSONObject.wrap(JSONObject.java:2179)
at org.json.JSONArray.<init>(JSONArray.java:193)
at org.json.JSONObject.wrap(JSONObject.java:2165)
at org.json.JSONObject.populateMap(JSONObject.java:1460)
at org.json.JSONObject.<init>(JSONObject.java:315)
at org.json.JSONObject.wrap(JSONObject.java:2179)
at org.json.JSONArray.<init>(JSONArray.java:193)
at org.json.JSONObject.wrap(JSONObject.java:2165)
at org.json.JSONObject.populateMap(JSONObject.java:1460)
at org.json.JSONObject.<init>(JSONObject.java:315)
at org.json.JSONObject.wrap(JSONObject.java:2179)
at org.json.JSONArray.<init>(JSONArray.java:193)
at org.json.JSONObject.wrap(JSONObject.java:2165)
at org.json.JSONObject.populateMap(JSONObject.java:1460)
at org.json.JSONObject.<init>(JSONObject.java:315)
at org.json.JSONObject.wrap(JSONObject.java:2179)
at org.json.JSONArray.<init>(JSONArray.java:193)
at org.json.JSONObject.wrap(JSONObject.java:2165)
at org.json.JSONObject.populateMap(JSONObject.java:1460)
at org.json.JSONObject.<init>(JSONObject.java:315)
at org.json.JSONObject.wrap(JSONObject.java:2179)
at org.json.JSONArray.<init>(JSONArray.java:193)
at org.json.JSONObject.wrap(JSONObject.java:2165)
at org.json.JSONObject.populateMap(JSONObject.java:1460)
at org.json.JSONObject.<init>(JSONObject.java:315)
at org.json.JSONObject.wrap(JSONObject.java:2179)
at org.json.JSONArray.<init>(JSONArray.java:193)
at org.json.JSONObject.wrap(JSONObject.java:2165)
at org.json.JSONObject.populateMap(JSONObject.java:1460)
at org.json.JSONObject.<init>(JSONObject.java:315)
at org.json.JSONObject.wrap(JSONObject.java:2179)
at org.json.JSONArray.<init>(JSONArray.java:193)
at org.json.JSONObject.wrap(JSONObject.java:2165)
at org.json.JSONObject.populateMap(JSONObject.java:1460)
at org.json.JSONObject.<init>(JSONObject.java:315)
at org.json.JSONObject.wrap(JSONObject.java:2179)
at org.json.JSONArray.<init>(JSONArray.java:193)
at org.json.JSONObject.wrap(JSONObject.java:2165)
at org.json.JSONObject.populateMap(JSONObject.java:1460)
at org.json.JSONObject.<init>(JSONObject.java:315)
at org.json.JSONObject.wrap(JSONObject.java:2179)
at org.json.JSONArray.<init>(JSONArray.java:193)
at org.json.JSONObject.wrap(JSONObject.java:2165)
at org.json.JSONObject.populateMap(JSONObject.java:1460)
at org.json.JSONObject.<init>(JSONObject.java:315)
at org.json.JSONObject.wrap(JSONObject.java:2179)
at org.json.JSONArray.<init>(JSONArray.java:193)
at org.json.JSONObject.wrap(JSONObject.java:2165)
at org.json.JSONObject.populateMap(JSONObject.java:1460)
at org.json.JSONObject.<init>(JSONObject.java:315)
at org.json.JSONObject.wrap(JSONObject.java:2179)
at org.json.JSONArray.<init>(JSONArray.java:193)
at org.json.JSONObject.wrap(JSONObject.java:2165)
at org.json.JSONObject.populateMap(JSONObject.java:1460)
at org.json.JSONObject.<init>(JSONObject.java:315)
at org.json.JSONObject.wrap(JSONObject.java:2179)
at org.json.JSONArray.<init>(JSONArray.java:193)
at org.json.JSONObject.wrap(JSONObject.java:2165)
at org.json.JSONObject.populateMap(JSONObject.java:1460)
at org.json.JSONObject.<init>(JSONObject.java:315)
at org.json.JSONObject.wrap(JSONObject.java:2179)
at org.json.JSONArray.<init>(JSONArray.java:193)
at org.json.JSONObject.wrap(JSONObject.java:2165)
at org.json.JSONObject.populateMap(JSONObject.java:1460)
at org.json.JSONObject.<init>(JSONObject.java:315)
at org.json.JSONObject.wrap(JSONObject.java:2179)
at org.json.JSONArray.<init>(JSONArray.java:193)
at org.json.JSONObject.wrap(JSONObject.java:2165)
at org.json.JSONObject.populateMap(JSONObject.java:1460)
at org.json.JSONObject.<init>(JSONObject.java:315)
at org.json.JSONObject.wrap(JSONObject.java:2179)
at org.json.JSONArray.<init>(JSONArray.java:193)
at org.json.JSONObject.wrap(JSONObject.java:2165)
at org.json.JSONObject.populateMap(JSONObject.java:1460)
at org.json.JSONObject.<init>(JSONObject.java:315)
at org.json.JSONObject.wrap(JSONObject.java:2179)
at org.json.JSONArray.<init>(JSONArray.java:193)
at org.json.JSONObject.wrap(JSONObject.java:2165)
at org.json.JSONObject.populateMap(JSONObject.java:1460)
at org.json.JSONObject.<init>(JSONObject.java:315)
at org.json.JSONObject.wrap(JSONObject.java:2179)
at org.json.JSONArray.<init>(JSONArray.java:193)
at org.json.JSONObject.wrap(JSONObject.java:2165)
at org.json.JSONObject.populateMap(JSONObject.java:1460)
at org.json.JSONObject.<init>(JSONObject.java:315)
at org.json.JSONObject.wrap(JSONObject.java:2179)
at org.json.JSONArray.<init>(JSONArray.java:193)
at org.json.JSONObject.wrap(JSONObject.java:2165)
at org.json.JSONObject.populateMap(JSONObject.java:1460)
at org.json.JSONObject.<init>(JSONObject.java:315)
at org.json.JSONObject.wrap(JSONObject.java:2179)
at org.json.JSONArray.<init>(JSONArray.java:193)
at org.json.JSONObject.wrap(JSONObject.java:2165)
at org.json.JSONObject.populateMap(JSONObject.java:1460)
at org.json.JSONObject.<init>(JSONObject.java:315)
at org.json.JSONObject.wrap(JSONObject.java:2179)
at org.json.JSONArray.<init>(JSONArray.java:193)
at org.json.JSONObject.wrap(JSONObject.java:2165)
at org.json.JSONObject.populateMap(JSONObject.java:1460)
at org.json.JSONObject.<init>(JSONObject.java:315)
at org.json.JSONObject.wrap(JSONObject.java:2179)
at org.json.JSONArray.<init>(JSONArray.java:193)
at org.json.JSONObject.wrap(JSONObject.java:2165)
at org.json.JSONObject.populateMap(JSONObject.java:1460)
at org.json.JSONObject.<init>(JSONObject.java:315)
at org.json.JSONObject.wrap(JSONObject.java:2179)
at org.json.JSONArray.<init>(JSONArray.java:193)
at org.json.JSONObject.wrap(JSONObject.java:2165)
at org.json.JSONObject.populateMap(JSONObject.java:1460)
at org.json.JSONObject.<init>(JSONObject.java:315)
at org.json.JSONObject.wrap(JSONObject.java:2179)
at org.json.JSONArray.<init>(JSONArray.java:193)
at org.json.JSONObject.wrap(JSONObject.java:2165)
at org.json.JSONObject.populateMap(JSONObject.java:1460)
at org.json.JSONObject.<init>(JSONObject.java:315)
at org.json.JSONObject.wrap(JSONObject.java:2179)
at org.json.JSONArray.<init>(JSONArray.java:193)
at org.json.JSONObject.wrap(JSONObject.java:2165)
at org.json.JSONObject.populateMap(JSONObject.java:1460)
at org.json.JSONObject.<init>(JSONObject.java:315)
at org.json.JSONObject.wrap(JSONObject.java:2179)
at org.json.JSONArray.<init>(JSONArray.java:193)
at org.json.JSONObject.wrap(JSONObject.java:2165)
at org.json.JSONObject.populateMap(JSONObject.java:1460)
at org.json.JSONObject.<init>(JSONObject.java:315)
at org.json.JSONObject.wrap(JSONObject.java:2179)
at org.json.JSONArray.<init>(JSONArray.java:193)
at org.json.JSONObject.wrap(JSONObject.java:2165)
at org.json.JSONObject.populateMap(JSONObject.java:1460)
at org.json.JSONObject.<init>(JSONObject.java:315)
at org.json.JSONObject.wrap(JSONObject.java:2179)
at org.json.JSONArray.<init>(JSONArray.java:193)
at org.json.JSONObject.wrap(JSONObject.java:2165)
at org.json.JSONObject.populateMap(JSONObject.java:1460)
at org.json.JSONObject.<init>(JSONObject.java:315)
at org.json.JSONObject.wrap(JSONObject.java:2179)
at org.json.JSONArray.<init>(JSONArray.java:193)
at org.json.JSONObject.wrap(JSONObject.java:2165)
at org.json.JSONObject.populateMap(JSONObject.java:1460)
at org.json.JSONObject.<init>(JSONObject.java:315)
at org.json.JSONObject.wrap(JSONObject.java:2179)
at org.json.JSONArray.<init>(JSONArray.java:193)
at org.json.JSONObject.wrap(JSONObject.java:2165)
at org.json.JSONObject.populateMap(JSONObject.java:1460)
at org.json.JSONObject.<init>(JSONObject.java:315)
at org.json.JSONObject.wrap(JSONObject.java:2179)
at org.json.JSONArray.<init>(JSONArray.java:193)
at org.json.JSONObject.wrap(JSONObject.java:2165)
at org.json.JSONObject.populateMap(JSONObject.java:1460)
at org.json.JSONObject.<init>(JSONObject.java:315)
at org.json.JSONObject.wrap(JSONObject.java:2179)
at org.json.JSONArray.<init>(JSONArray.java:193)
at org.json.JSONObject.wrap(JSONObject.java:2165)
at org.json.JSONObject.populateMap(JSONObject.java:1460)
at org.json.JSONObject.<init>(JSONObject.java:315)
at org.json.JSONObject.wrap(JSONObject.java:2179)
at org.json.JSONArray.<init>(JSONArray.java:193)
at org.json.JSONObject.wrap(JSONObject.java:2165)
at org.json.JSONObject.populateMap(JSONObject.java:1460)
at org.json.JSONObject.<init>(JSONObject.java:315)
at org.json.JSONObject.wrap(JSONObject.java:2179)
at org.json.JSONArray.<init>(JSONArray.java:193)
at org.json.JSONObject.wrap(JSONObject.java:2165)
at org.json.JSONObject.populateMap(JSONObject.java:1460)
at org.json.JSONObject.<init>(JSONObject.java:315)
at org.json.JSONObject.wrap(JSONObject.java:2179)
at org.json.JSONArray.<init>(JSONArray.java:193)
at org.json.JSONObject.wrap(JSONObject.java:2165)
at org.json.JSONObject.populateMap(JSONObject.java:1460)
at org.json.JSONObject.<init>(JSONObject.java:315)
at org.json.JSONObject.wrap(JSONObject.java:2179)
at org.json.JSONArray.<init>(JSONArray.java:193)
at org.json.JSONObject.wrap(JSONObject.java:2165)
at org.json.JSONObject.populateMap(JSONObject.java:1460)
at org.json.JSONObject.<init>(JSONObject.java:315)
at org.json.JSONObject.wrap(JSONObject.java:2179)
at org.json.JSONArray.<init>(JSONArray.java:193)
at org.json.JSONObject.wrap(JSONObject.java:2165)
at org.json.JSONObject.populateMap(JSONObject.java:1460)
at org.json.JSONObject.<init>(JSONObject.java:315)
at org.json.JSONObject.wrap(JSONObject.java:2179)
at org.json.JSONArray.<init>(JSONArray.java:193)
at org.json.JSONObject.wrap(JSONObject.java:2165)
at org.json.JSONObject.populateMap(JSONObject.java:1460)
at org.json.JSONObject.<init>(JSONObject.java:315)
at org.json.JSONObject.wrap(JSONObject.java:2179)
at org.json.JSONArray.<init>(JSONArray.java:193)
at org.json.JSONObject.wrap(JSONObject.java:2165)
at org.json.JSONObject.populateMap(JSONObject.java:1460)
at org.json.JSONObject.<init>(JSONObject.java:315)
at org.json.JSONObject.wrap(JSONObject.java:2179)
at org.json.JSONArray.<init>(JSONArray.java:193)
at org.json.JSONObject.wrap(JSONObject.java:2165)
at org.json.JSONObject.populateMap(JSONObject.java:1460)
at org.json.JSONObject.<init>(JSONObject.java:315)
at org.json.JSONObject.wrap(JSONObject.java:2179)
at org.json.JSONArray.<init>(JSONArray.java:193)
at org.json.JSONObject.wrap(JSONObject.java:2165)
at org.json.JSONObject.populateMap(JSONObject.java:1460)
at org.json.JSONObject.<init>(JSONObject.java:315)
at org.json.JSONObject.wrap(JSONObject.java:2179)
at org.json.JSONArray.<init>(JSONArray.java:193)
at org.json.JSONObject.wrap(JSONObject.java:2165)
at org.json.JSONObject.populateMap(JSONObject.java:1460)
at org.json.JSONObject.<init>(JSONObject.java:315)
at org.json.JSONObject.wrap(JSONObject.java:2179)
at org.json.JSONArray.<init>(JSONArray.java:193)
at org.json.JSONObject.wrap(JSONObject.java:2165)
at org.json.JSONObject.populateMap(JSONObject.java:1460)
at org.json.JSONObject.<init>(JSONObject.java:315)
at org.json.JSONObject.wrap(JSONObject.java:2179)
at org.json.JSONArray.<init>(JSONArray.java:193)
at org.json.JSONObject.wrap(JSONObject.java:2165)
at org.json.JSONObject.populateMap(JSONObject.java:1460)
at org.json.JSONObject.<init>(JSONObject.java:315)
at org.json.JSONObject.wrap(JSONObject.java:2179)
at org.json.JSONArray.<init>(JSONArray.java:193)
at org.json.JSONObject.wrap(JSONObject.java:2165)
at org.json.JSONObject.populateMap(JSONObject.java:1460)
at org.json.JSONObject.<init>(JSONObject.java:315)
at org.json.JSONObject.wrap(JSONObject.java:2179)
at org.json.JSONArray.<init>(JSONArray.java:193)
at org.json.JSONObject.wrap(JSONObject.java:2165)
at org.json.JSONObject.populateMap(JSONObject.java:1460)
at org.json.JSONObject.<init>(JSONObject.java:315)
at org.json.JSONObject.wrap(JSONObject.java:2179)
at org.json.JSONArray.<init>(JSONArray.java:193)
at org.json.JSONObject.wrap(JSONObject.java:2165)
at org.json.JSONObject.populateMap(JSONObject.java:1460)
at org.json.JSONObject.<init>(JSONObject.java:315)
at org.json.JSONObject.wrap(JSONObject.java:2179)
at org.json.JSONArray.<init>(JSONArray.java:193)
at org.json.JSONObject.wrap(JSONObject.java:2165)
at org.json.JSONObject.populateMap(JSONObject.java:1460)
at org.json.JSONObject.<init>(JSONObject.java:315)
at org.json.JSONObject.wrap(JSONObject.java:2179)
at org.json.JSONArray.<init>(JSONArray.java:193)
at org.json.JSONObject.wrap(JSONObject.java:2165)
at org.json.JSONObject.populateMap(JSONObject.java:1460)
at org.json.JSONObject.<init>(JSONObject.java:315)
at org.json.JSONObject.wrap(JSONObject.java:2179)
at org.json.JSONArray.<init>(JSONArray.java:193)
at org.json.JSONObject.wrap(JSONObject.java:2165)
at org.json.JSONObject.populateMap(JSONObject.java:1460)
at org.json.JSONObject.<init>(JSONObject.java:315)
at org.json.JSONObject.wrap(JSONObject.java:2179)
at org.json.JSONArray.<init>(JSONArray.java:193)
at org.json.JSONObject.wrap(JSONObject.java:2165)
at org.json.JSONObject.populateMap(JSONObject.java:1460)
at org.json.JSONObject.<init>(JSONObject.java:315)
at org.json.JSONObject.wrap(JSONObject.java:2179)
at org.json.JSONArray.<init>(JSONArray.java:193)
at org.json.JSONObject.wrap(JSONObject.java:2165)
at org.json.JSONObject.populateMap(JSONObject.java:1460)
at org.json.JSONObject.<init>(JSONObject.java:315)
at org.json.JSONObject.wrap(JSONObject.java:2179)
at org.json.JSONArray.<init>(JSONArray.java:193)
at org.json.JSONObject.wrap(JSONObject.java:2165)
at org.json.JSONObject.populateMap(JSONObject.java:1460)
at org.json.JSONObject.<init>(JSONObject.java:315)
at org.json.JSONObject.wrap(JSONObject.java:2179)
at org.json.JSONArray.<init>(JSONArray.java:193)
at org.json.JSONObject.wrap(JSONObject.java:2165)
at org.json.JSONObject.populateMap(JSONObject.java:1460)
at org.json.JSONObject.<init>(JSONObject.java:315)
at org.json.JSONObject.wrap(JSONObject.java:2179)
at org.json.JSONArray.<init>(JSONArray.java:193)
at org.json.JSONObject.wrap(JSONObject.java:2165)
at org.json.JSONObject.populateMap(JSONObject.java:1460)
at org.json.JSONObject.<init>(JSONObject.java:315)
at org.json.JSONObject.wrap(JSONObject.java:2179)
at org.json.JSONArray.<init>(JSONArray.java:193)
at org.json.JSONObject.wrap(JSONObject.java:2165)
at org.json.JSONObject.populateMap(JSONObject.java:1460)
at org.json.JSONObject.<init>(JSONObject.java:315)
at org.json.JSONObject.wrap(JSONObject.java:2179)
at org.json.JSONArray.<init>(JSONArray.java:193)
at org.json.JSONObject.wrap(JSONObject.java:2165)
at org.json.JSONObject.populateMap(JSONObject.java:1460)
at org.json.JSONObject.<init>(JSONObject.java:315)
at org.json.JSONObject.wrap(JSONObject.java:2179)
at org.json.JSONArray.<init>(JSONArray.java:193)
at org.json.JSONObject.wrap(JSONObject.java:2165)
at org.json.JSONObject.populateMap(JSONObject.java:1460)
at org.json.JSONObject.<init>(JSONObject.java:315)
at org.json.JSONObject.wrap(JSONObject.java:2179)
at org.json.JSONArray.<init>(JSONArray.java:193)
at org.json.JSONObject.wrap(JSONObject.java:2165)
at org.json.JSONObject.populateMap(JSONObject.java:1460)
at org.json.JSONObject.<init>(JSONObject.java:315)
at org.json.JSONObject.wrap(JSONObject.java:2179)
at org.json.JSONArray.<init>(JSONArray.java:193)
at org.json.JSONObject.wrap(JSONObject.java:2165)
at org.json.JSONObject.populateMap(JSONObject.java:1460)
at org.json.JSONObject.<init>(JSONObject.java:315)
at org.json.JSONObject.wrap(JSONObject.java:2179)
at org.json.JSONArray.<init>(JSONArray.java:193)
at org.json.JSONObject.wrap(JSONObject.java:2165)
at org.json.JSONObject.populateMap(JSONObject.java:1460)
at org.json.JSONObject.<init>(JSONObject.java:315)
at org.json.JSONObject.wrap(JSONObject.java:2179)
at org.json.JSONArray.<init>(JSONArray.java:193)
at org.json.JSONObject.wrap(JSONObject.java:2165)
at org.json.JSONObject.populateMap(JSONObject.java:1460)
at org.json.JSONObject.<init>(JSONObject.java:315)
at org.json.JSONObject.wrap(JSONObject.java:2179)
at org.json.JSONArray.<init>(JSONArray.java:193)
at org.json.JSONObject.wrap(JSONObject.java:2165)
at org.json.JSONObject.populateMap(JSONObject.java:1460)
at org.json.JSONObject.<init>(JSONObject.java:315)
at org.json.JSONObject.wrap(JSONObject.java:2179)
at org.json.JSONArray.<init>(JSONArray.java:193)
at org.json.JSONObject.wrap(JSONObject.java:2165)
at org.json.JSONObject.populateMap(JSONObject.java:1460)
at org.json.JSONObject.<init>(JSONObject.java:315)
at org.json.JSONObject.wrap(JSONObject.java:2179)
at org.json.JSONArray.<init>(JSONArray.java:193)
at org.json.JSONObject.wrap(JSONObject.java:2165)
at org.json.JSONObject.populateMap(JSONObject.java:1460)
at org.json.JSONObject.<init>(JSONObject.java:315)
at org.json.JSONObject.wrap(JSONObject.java:2179)
at org.json.JSONArray.<init>(JSONArray.java:193)
at org.json.JSONObject.wrap(JSONObject.java:2165)
at org.json.JSONObject.populateMap(JSONObject.java:1460)
at org.json.JSONObject.<init>(JSONObject.java:315)
at org.json.JSONObject.wrap(JSONObject.java:2179)
at org.json.JSONArray.<init>(JSONArray.java:193)
at org.json.JSONObject.wrap(JSONObject.java:2165)
at org.json.JSONObject.populateMap(JSONObject.java:1460)
at org.json.JSONObject.<init>(JSONObject.java:315)
at org.json.JSONObject.wrap(JSONObject.java:2179)
at org.json.JSONArray.<init>(JSONArray.java:193)
at org.json.JSONObject.wrap(JSONObject.java:2165)
at org.json.JSONObject.populateMap(JSONObject.java:1460)
at org.json.JSONObject.<init>(JSONObject.java:315)
at org.json.JSONObject.wrap(JSONObject.java:2179)
at org.json.JSONArray.<init>(JSONArray.java:193)
at org.json.JSONObject.wrap(JSONObject.java:2165)
at org.json.JSONObject.populateMap(JSONObject.java:1460)
at org.json.JSONObject.<init>(JSONObject.java:315)
at org.json.JSONObject.wrap(JSONObject.java:2179)
at org.json.JSONArray.<init>(JSONArray.java:193)
at org.json.JSONObject.wrap(JSONObject.java:2165)
at org.json.JSONObject.populateMap(JSONObject.java:1460)
at org.json.JSONObject.<init>(JSONObject.java:315)
at org.json.JSONObject.wrap(JSONObject.java:2179)
at org.json.JSONArray.<init>(JSONArray.java:193)
at org.json.JSONObject.wrap(JSONObject.java:2165)
at org.json.JSONObject.populateMap(JSONObject.java:1460)
at org.json.JSONObject.<init>(JSONObject.java:315)
at org.json.JSONObject.wrap(JSONObject.java:2179)
at org.json.JSONArray.<init>(JSONArray.java:193)
at org.json.JSONObject.wrap(JSONObject.java:2165)
at org.json.JSONObject.populateMap(JSONObject.java:1460)
at org.json.JSONObject.<init>(JSONObject.java:315)
at org.json.JSONObject.wrap(JSONObject.java:2179)
at org.json.JSONArray.<init>(JSONArray.java:193)
at org.json.JSONObject.wrap(JSONObject.java:2165)
at org.json.JSONObject.populateMap(JSONObject.java:1460)
at org.json.JSONObject.<init>(JSONObject.java:315)
at org.json.JSONObject.wrap(JSONObject.java:2179)
at org.json.JSONArray.<init>(JSONArray.java:193)
at org.json.JSONObject.wrap(JSONObject.java:2165)
at org.json.JSONObject.populateMap(JSONObject.java:1460)
at org.json.JSONObject.<init>(JSONObject.java:315)
at org.json.JSONObject.wrap(JSONObject.java:2179)
at org.json.JSONArray.<init>(JSONArray.java:193)
at org.json.JSONObject.wrap(JSONObject.java:2165)
at org.json.JSONObject.populateMap(JSONObject.java:1460)
at org.json.JSONObject.<init>(JSONObject.java:315)
at org.json.JSONObject.wrap(JSONObject.java:2179)
at org.json.JSONArray.<init>(JSONArray.java:193)
at org.json.JSONObject.wrap(JSONObject.java:2165)
at org.json.JSONObject.populateMap(JSONObject.java:1460)
at org.json.JSONObject.<init>(JSONObject.java:315)
at org.json.JSONObject.wrap(JSONObject.java:2179)
at org.json.JSONArray.<init>(JSONArray.java:193)
at org.json.JSONObject.wrap(JSONObject.java:2165)
at org.json.JSONObject.populateMap(JSONObject.java:1460)
at org.json.JSONObject.<init>(JSONObject.java:315)
at org.json.JSONObject.wrap(JSONObject.java:2179)
at org.json.JSONArray.<init>(JSONArray.java:193)
at org.json.JSONObject.wrap(JSONObject.java:2165)
at org.json.JSONObject.populateMap(JSONObject.java:1460)
at org.json.JSONObject.<init>(JSONObject.java:315)
at org.json.JSONObject.wrap(JSONObject.java:2179)
at org.json.JSONArray.<init>(JSONArray.java:193)
at org.json.JSONObject.wrap(JSONObject.java:2165)
at org.json.JSONObject.populateMap(JSONObject.java:1460)
at org.json.JSONObject.<init>(JSONObject.java:315)
at org.json.JSONObject.wrap(JSONObject.java:2179)
at org.json.JSONArray.<init>(JSONArray.java:193)
at org.json.JSONObject.wrap(JSONObject.java:2165)
at org.json.JSONObject.populateMap(JSONObject.java:1460)
at org.json.JSONObject.<init>(JSONObject.java:315)
at org.json.JSONObject.wrap(JSONObject.java:2179)
at org.json.JSONArray.<init>(JSONArray.java:193)
at org.json.JSONObject.wrap(JSONObject.java:2165)
at org.json.JSONObject.populateMap(JSONObject.java:1460)
at org.json.JSONObject.<init>(JSONObject.java:315)
at org.json.JSONObject.wrap(JSONObject.java:2179)
at org.json.JSONArray.<init>(JSONArray.java:193)
at org.json.JSONObject.wrap(JSONObject.java:2165)
at org.json.JSONObject.populateMap(JSONObject.java:1460)
at org.json.JSONObject.<init>(JSONObject.java:315)
at org.json.JSONObject.wrap(JSONObject.java:2179)
at org.json.JSONArray.<init>(JSONArray.java:193)
at org.json.JSONObject.wrap(JSONObject.java:2165)
at org.json.JSONObject.populateMap(JSONObject.java:1460)
at org.json.JSONObject.<init>(JSONObject.java:315)
at org.json.JSONObject.wrap(JSONObject.java:2179)
at org.json.JSONArray.<init>(JSONArray.java:193)
at org.json.JSONObject.wrap(JSONObject.java:2165)
at org.json.JSONObject.populateMap(JSONObject.java:1460)
at org.json.JSONObject.<init>(JSONObject.java:315)
at org.json.JSONObject.wrap(JSONObject.java:2179)
at org.json.JSONArray.<init>(JSONArray.java:193)
at org.json.JSONObject.wrap(JSONObject.java:2165)
at org.json.JSONObject.populateMap(JSONObject.java:1460)
at org.json.JSONObject.<init>(JSONObject.java:315)
at org.json.JSONObject.wrap(JSONObject.java:2179)
at org.json.JSONArray.<init>(JSONArray.java:193)
at org.json.JSONObject.wrap(JSONObject.java:2165)
at org.json.JSONObject.populateMap(JSONObject.java:1460)
at org.json.JSONObject.<init>(JSONObject.java:315)
at org.json.JSONObject.wrap(JSONObject.java:2179)
at org.json.JSONArray.<init>(JSONArray.java:193)
at org.json.JSONObject.wrap(JSONObject.java:2165)
at org.json.JSONObject.populateMap(JSONObject.java:1460)
at org.json.JSONObject.<init>(JSONObject.java:315)
at org.json.JSONObject.wrap(JSONObject.java:2179)
at org.json.JSONArray.<init>(JSONArray.java:193)
at org.json.JSONObject.wrap(JSONObject.java:2165)
at org.json.JSONObject.populateMap(JSONObject.java:1460)
at org.json.JSONObject.<init>(JSONObject.java:315)
at org.json.JSONObject.wrap(JSONObject.java:2179)
at org.json.JSONArray.<init>(JSONArray.java:193)
at org.json.JSONObject.wrap(JSONObject.java:2165)
at org.json.JSONObject.populateMap(JSONObject.java:1460)
at org.json.JSONObject.<init>(JSONObject.java:315)
at org.json.JSONObject.wrap(JSONObject.java:2179)
at org.json.JSONArray.<init>(JSONArray.java:193)
at org.json.JSONObject.wrap(JSONObject.java:2165)
at org.json.JSONObject.populateMap(JSONObject.java:1460)
at org.json.JSONObject.<init>(JSONObject.java:315)
at org.json.JSONObject.wrap(JSONObject.java:2179)
at org.json.JSONArray.<init>(JSONArray.java:193)
at org.json.JSONObject.wrap(JSONObject.java:2165)
at org.json.JSONObject.populateMap(JSONObject.java:1460)
at org.json.JSONObject.<init>(JSONObject.java:315)
at org.json.JSONObject.wrap(JSONObject.java:2179)
at org.json.JSONArray.<init>(JSONArray.java:193)
at org.json.JSONObject.wrap(JSONObject.java:2165)
at org.json.JSONObject.populateMap(JSONObject.java:1460)
at org.json.JSONObject.<init>(JSONObject.java:315)
at org.json.JSONObject.wrap(JSONObject.java:2179)
at org.json.JSONArray.<init>(JSONArray.java:193)
at org.json.JSONObject.wrap(JSONObject.java:2165)
at org.json.JSONObject.populateMap(JSONObject.java:1460)
at org.json.JSONObject.<init>(JSONObject.java:315)
at org.json.JSONObject.wrap(JSONObject.java:2179)
at org.json.JSONArray.<init>(JSONArray.java:193)
at org.json.JSONObject.wrap(JSONObject.java:2165)
at org.json.JSONObject.populateMap(JSONObject.java:1460)
at org.json.JSONObject.<init>(JSONObject.java:315)
at org.json.JSONObject.wrap(JSONObject.java:2179)
at org.json.JSONArray.<init>(JSONArray.java:193)
at org.json.JSONObject.wrap(JSONObject.java:2165)
at org.json.JSONObject.populateMap(JSONObject.java:1460)
at org.json.JSONObject.<init>(JSONObject.java:315)
at org.json.JSONObject.wrap(JSONObject.java:2179)
at org.json.JSONArray.<init>(JSONArray.java:193)
at org.json.JSONObject.wrap(JSONObject.java:2165)
at org.json.JSONObject.populateMap(JSONObject.java:1460)
at org.json.JSONObject.<init>(JSONObject.java:315)
at org.json.JSONObject.wrap(JSONObject.java:2179)
at org.json.JSONArray.<init>(JSONArray.java:193)
at org.json.JSONObject.wrap(JSONObject.java:2165)
at org.json.JSONObject.populateMap(JSONObject.java:1460)
at org.json.JSONObject.<init>(JSONObject.java:315)
at org.json.JSONObject.wrap(JSONObject.java:2179)
at org.json.JSONArray.<init>(JSONArray.java:193)
at org.json.JSONObject.wrap(JSONObject.java:2165)
at org.json.JSONObject.populateMap(JSONObject.java:1460)
at org.json.JSONObject.<init>(JSONObject.java:315)
at org.json.JSONObject.wrap(JSONObject.java:2179)
at org.json.JSONArray.<init>(JSONArray.java:193)
at org.json.JSONObject.wrap(JSONObject.java:2165)
at org.json.JSONObject.populateMap(JSONObject.java:1460)
at org.json.JSONObject.<init>(JSONObject.java:315)
at org.json.JSONObject.wrap(JSONObject.java:2179)
at org.json.JSONArray.<init>(JSONArray.java:193)
at org.json.JSONObject.wrap(JSONObject.java:2165)
at org.json.JSONObject.populateMap(JSONObject.java:1460)
at org.json.JSONObject.<init>(JSONObject.java:315)
at org.json.JSONObject.wrap(JSONObject.java:2179)
at org.json.JSONArray.<init>(JSONArray.java:193)
at org.json.JSONObject.wrap(JSONObject.java:2165)
at org.json.JSONObject.populateMap(JSONObject.java:1460)
at org.json.JSONObject.<init>(JSONObject.java:315)
at org.json.JSONObject.wrap(JSONObject.java:2179)
at org.json.JSONArray.<init>(JSONArray.java:193)
at org.json.JSONObject.wrap(JSONObject.java:2165)
at org.json.JSONObject.populateMap(JSONObject.java:1460)
at org.json.JSONObject.<init>(JSONObject.java:315)
at org.json.JSONObject.wrap(JSONObject.java:2179)
at org.json.JSONArray.<init>(JSONArray.java:193)
at org.json.JSONObject.wrap(JSONObject.java:2165)
at org.json.JSONObject.populateMap(JSONObject.java:1460)
at org.json.JSONObject.<init>(JSONObject.java:315)
at org.json.JSONObject.wrap(JSONObject.java:2179)
at org.json.JSONArray.<init>(JSONArray.java:193)
at org.json.JSONObject.wrap(JSONObject.java:2165)
at org.json.JSONObject.populateMap(JSONObject.java:1460)
at org.json.JSONObject.<init>(JSONObject.java:315)
at org.json.JSONObject.wrap(JSONObject.java:2179)
at org.json.JSONArray.<init>(JSONArray.java:193)
at org.json.JSONObject.wrap(JSONObject.java:2165)
at org.json.JSONObject.populateMap(JSONObject.java:1460)
at org.json.JSONObject.<init>(JSONObject.java:315)
at org.json.JSONObject.wrap(JSONObject.java:2179)
at org.json.JSONArray.<init>(JSONArray.java:193)
at org.json.JSONObject.wrap(JSONObject.java:2165)
at org.json.JSONObject.populateMap(JSONObject.java:1460)
at org.json.JSONObject.<init>(JSONObject.java:315)
at org.json.JSONObject.wrap(JSONObject.java:2179)
at org.json.JSONArray.<init>(JSONArray.java:193)
at org.json.JSONObject.wrap(JSONObject.java:2165)
at org.json.JSONObject.populateMap(JSONObject.java:1460)
at org.json.JSONObject.<init>(JSONObject.java:315)
at org.json.JSONObject.wrap(JSONObject.java:2179)
at org.json.JSONArray.<init>(JSONArray.java:193)
at org.json.JSONObject.wrap(JSONObject.java:2165)
at org.json.JSONObject.populateMap(JSONObject.java:1460)
at org.json.JSONObject.<init>(JSONObject.java:315)
at org.json.JSONObject.wrap(JSONObject.java:2179)
at org.json.JSONArray.<init>(JSONArray.java:193)
at org.json.JSONObject.wrap(JSONObject.java:2165)
at org.json.JSONObject.populateMap(JSONObject.java:1460)
at org.json.JSONObject.<init>(JSONObject.java:315)
at org.json.JSONObject.wrap(JSONObject.java:2179)
at org.json.JSONArray.<init>(JSONArray.java:193)
at org.json.JSONObject.wrap(JSONObject.java:2165)
at org.json.JSONObject.populateMap(JSONObject.java:1460)
at org.json.JSONObject.<init>(JSONObject.java:315)
at org.json.JSONObject.wrap(JSONObject.java:2179)
at org.json.JSONArray.<init>(JSONArray.java:193)
at org.json.JSONObject.wrap(JSONObject.java:2165)
at org.json.JSONObject.populateMap(JSONObject.java:1460)
at org.json.JSONObject.<init>(JSONObject.java:315)
at org.json.JSONObject.wrap(JSONObject.java:2179)
at org.json.JSONArray.<init>(JSONArray.java:193)
at org.json.JSONObject.wrap(JSONObject.java:2165)
at org.json.JSONObject.populateMap(JSONObject.java:1460)
at org.json.JSONObject.<init>(JSONObject.java:315)
at org.json.JSONObject.wrap(JSONObject.java:2179)
at org.json.JSONArray.<init>(JSONArray.java:193)
at org.json.JSONObject.wrap(JSONObject.java:2165)
at org.json.JSONObject.populateMap(JSONObject.java:1460)
at org.json.JSONObject.<init>(JSONObject.java:315)
at org.json.JSONObject.wrap(JSONObject.java:2179)
at org.json.JSONArray.<init>(JSONArray.java:193)
at org.json.JSONObject.wrap(JSONObject.java:2165)
at org.json.JSONObject.populateMap(JSONObject.java:1460)
at org.json.JSONObject.<init>(JSONObject.java:315)
at org.json.JSONObject.wrap(JSONObject.java:2179)
at org.json.JSONArray.<init>(JSONArray.java:193)
at org.json.JSONObject.wrap(JSONObject.java:2165)
at org.json.JSONObject.populateMap(JSONObject.java:1460)
at org.json.JSONObject.<init>(JSONObject.java:315)
at org.json.JSONObject.wrap(JSONObject.java:2179)
at org.json.JSONArray.<init>(JSONArray.java:193)
at org.json.JSONObject.wrap(JSONObject.java:2165)
at org.json.JSONObject.populateMap(JSONObject.java:1460)
at org.json.JSONObject.<init>(JSONObject.java:315)
at org.json.JSONObject.wrap(JSONObject.java:2179)
at org.json.JSONArray.<init>(JSONArray.java:193)
at org.json.JSONObject.wrap(JSONObject.java:2165)
at org.json.JSONObject.populateMap(JSONObject.java:1460)
at org.json.JSONObject.<init>(JSONObject.java:315)
at org.json.JSONObject.wrap(JSONObject.java:2179)
at org.json.JSONArray.<init>(JSONArray.java:193)
at org.json.JSONObject.wrap(JSONObject.java:2165)
at org.json.JSONObject.populateMap(JSONObject.java:1460)
at org.json.JSONObject.<init>(JSONObject.java:315)
at org.json.JSONObject.wrap(JSONObject.java:2179)
at org.json.JSONArray.<init>(JSONArray.java:193)
at org.json.JSONObject.wrap(JSONObject.java:2165)
at org.json.JSONObject.populateMap(JSONObject.java:1460)
at org.json.JSONObject.<init>(JSONObject.java:315)
at org.json.JSONObject.wrap(JSONObject.java:2179)
at org.json.JSONArray.<init>(JSONArray.java:193)
at org.json.JSONObject.wrap(JSONObject.java:2165)
at org.json.JSONObject.populateMap(JSONObject.java:1460)
at org.json.JSONObject.<init>(JSONObject.java:315)
at org.json.JSONObject.wrap(JSONObject.java:2179)
at org.json.JSONArray.<init>(JSONArray.java:193)
at org.json.JSONObject.wrap(JSONObject.java:2165)
at org.json.JSONObject.populateMap(JSONObject.java:1460)
at org.json.JSONObject.<init>(JSONObject.java:315)
at org.json.JSONObject.wrap(JSONObject.java:2179)
at org.json.JSONArray.<init>(JSONArray.java:193)
at org.json.JSONObject.wrap(JSONObject.java:2165)
at org.json.JSONObject.populateMap(JSONObject.java:1460)
at org.json.JSONObject.<init>(JSONObject.java:315)
at org.json.JSONObject.wrap(JSONObject.java:2179)
at org.json.JSONArray.<init>(JSONArray.java:193)
at org.json.JSONObject.wrap(JSONObject.java:2165)
at org.json.JSONObject.populateMap(JSONObject.java:1460)
at org.json.JSONObject.<init>(JSONObject.java:315)
at org.json.JSONObject.wrap(JSONObject.java:2179)
at org.json.JSONArray.<init>(JSONArray.java:193)
at org.json.JSONObject.wrap(JSONObject.java:2165)
at org.json.JSONObject.populateMap(JSONObject.java:1460)
at org.json.JSONObject.<init>(JSONObject.java:315)
at org.json.JSONObject.wrap(JSONObject.java:2179)
at org.json.JSONArray.<init>(JSONArray.java:193)
at org.json.JSONObject.wrap(JSONObject.java:2165)
at org.json.JSONObject.populateMap(JSONObject.java:1460)
at org.json.JSONObject.<init>(JSONObject.java:315)
at org.json.JSONObject.wrap(JSONObject.java:2179)
at org.json.JSONArray.<init>(JSONArray.java:193)
at org.json.JSONObject.wrap(JSONObject.java:2165)
at org.json.JSONObject.populateMap(JSONObject.java:1460)
at org.json.JSONObject.<init>(JSONObject.java:315)
at org.json.JSONObject.wrap(JSONObject.java:2179)
at org.json.JSONArray.<init>(JSONArray.java:193)
at org.json.JSONObject.wrap(JSONObject.java:2165)
at org.json.JSONObject.populateMap(JSONObject.java:1460)
at org.json.JSONObject.<init>(JSONObject.java:315)
at org.json.JSONObject.wrap(JSONObject.java:2179)
at org.json.JSONArray.<init>(JSONArray.java:193)
at org.json.JSONObject.wrap(JSONObject.java:2165)
at org.json.JSONObject.populateMap(JSONObject.java:1460)
at org.json.JSONObject.<init>(JSONObject.java:315)
at org.json.JSONObject.wrap(JSONObject.java:2179)
at org.json.JSONArray.<init>(JSONArray.java:193)
at org.json.JSONObject.wrap(JSONObject.java:2165)
at org.json.JSONObject.populateMap(JSONObject.java:1460)
at org.json.JSONObject.<init>(JSONObject.java:315)
at org.json.JSONObject.wrap(JSONObject.java:2179)
at org.json.JSONArray.<init>(JSONArray.java:193)
at org.json.JSONObject.wrap(JSONObject.java:2165)
at org.json.JSONObject.populateMap(JSONObject.java:1460)
at org.json.JSONObject.<init>(JSONObject.java:315)
at org.json.JSONObject.wrap(JSONObject.java:2179)
at org.json.JSONArray.<init>(JSONArray.java:193)
at org.json.JSONObject.wrap(JSONObject.java:2165)
at org.json.JSONObject.populateMap(JSONObject.java:1460)
at org.json.JSONObject.<init>(JSONObject.java:315)
at org.json.JSONObject.wrap(JSONObject.java:2179)
at org.json.JSONArray.<init>(JSONArray.java:193)
at org.json.JSONObject.wrap(JSONObject.java:2165)
at org.json.JSONObject.populateMap(JSONObject.java:1460)
at org.json.JSONObject.<init>(JSONObject.java:315)
at org.json.JSONObject.wrap(JSONObject.java:2179)
at org.json.JSONArray.<init>(JSONArray.java:193)
at org.json.JSONObject.wrap(JSONObject.java:2165)
at org.json.JSONObject.populateMap(JSONObject.java:1460)
at org.json.JSONObject.<init>(JSONObject.java:315)
at org.json.JSONObject.wrap(JSONObject.java:2179)
at org.json.JSONArray.<init>(JSONArray.java:193)
at org.json.JSONObject.wrap(JSONObject.java:2165)
at org.json.JSONObject.populateMap(JSONObject.java:1460)
at org.json.JSONObject.<init>(JSONObject.java:315)
at org.json.JSONObject.wrap(JSONObject.java:2179)
at org.json.JSONArray.<init>(JSONArray.java:193)
at org.json.JSONObject.wrap(JSONObject.java:2165)
at org.json.JSONObject.populateMap(JSONObject.java:1460)
at org.json.JSONObject.<init>(JSONObject.java:315)
at org.json.JSONObject.wrap(JSONObject.java:2179)
at org.json.JSONArray.<init>(JSONArray.java:193)
at org.json.JSONObject.wrap(JSONObject.java:2165)
at org.json.JSONObject.populateMap(JSONObject.java:1460)
at org.json.JSONObject.<init>(JSONObject.java:315)
at org.json.JSONObject.wrap(JSONObject.java:2179)
at org.json.JSONArray.<init>(JSONArray.java:193)
at org.json.JSONObject.wrap(JSONObject.java:2165)
at org.json.JSONObject.populateMap(JSONObject.java:1460)
at org.json.JSONObject.<init>(JSONObject.java:315)
at org.json.JSONObject.wrap(JSONObject.java:2179)
at org.json.JSONArray.<init>(JSONArray.java:193)
at org.json.JSONObject.wrap(JSONObject.java:2165)
at org.json.JSONObject.populateMap(JSONObject.java:1460)
at org.json.JSONObject.<init>(JSONObject.java:315)
at org.json.JSONObject.wrap(JSONObject.java:2179)
at org.json.JSONArray.<init>(JSONArray.java:193)
at org.json.JSONObject.wrap(JSONObject.java:2165)
at org.json.JSONObject.populateMap(JSONObject.java:1460)
at org.json.JSONObject.<init>(JSONObject.java:315)
at org.json.JSONObject.wrap(JSONObject.java:2179)
at org.json.JSONArray.<init>(JSONArray.java:193)
at org.json.JSONObject.wrap(JSONObject.java:2165)
at org.json.JSONObject.populateMap(JSONObject.java:1460)
at org.json.JSONObject.<init>(JSONObject.java:315)
at org.json.JSONObject.wrap(JSONObject.java:2179)
at org.json.JSONArray.<init>(JSONArray.java:193)
at org.json.JSONObject.wrap(JSONObject.java:2165)
at org.json.JSONObject.populateMap(JSONObject.java:1460)
at org.json.JSONObject.<init>(JSONObject.java:315)
at org.json.JSONObject.wrap(JSONObject.java:2179)
at org.json.JSONArray.<init>(JSONArray.java:193)
at org.json.JSONObject.wrap(JSONObject.java:2165)
at org.json.JSONObject.populateMap(JSONObject.java:1460)
at org.json.JSONObject.<init>(JSONObject.java:315)
at org.json.JSONObject.wrap(JSONObject.java:2179)
at org.json.JSONArray.<init>(JSONArray.java:193)
at org.json.JSONObject.wrap(JSONObject.java:2165)
at org.json.JSONObject.populateMap(JSONObject.java:1460)
at org.json.JSONObject.<init>(JSONObject.java:315)
at org.json.JSONObject.wrap(JSONObject.java:2179)
at org.json.JSONArray.<init>(JSONArray.java:193)
at org.json.JSONObject.wrap(JSONObject.java:2165)
at org.json.JSONObject.populateMap(JSONObject.java:1460)
at org.json.JSONObject.<init>(JSONObject.java:315)
at org.json.JSONObject.wrap(JSONObject.java:2179)
at org.json.JSONArray.<init>(JSONArray.java:193)
at org.json.JSONObject.wrap(JSONObject.java:2165)
at org.json.JSONObject.populateMap(JSONObject.java:1460)
at org.json.JSONObject.<init>(JSONObject.java:315)
at org.json.JSONObject.wrap(JSONObject.java:2179)
at org.json.JSONArray.<init>(JSONArray.java:193)
at org.json.JSONObject.wrap(JSONObject.java:2165)
at org.json.JSONObject.populateMap(JSONObject.java:1460)
at org.json.JSONObject.<init>(JSONObject.java:315)
at org.json.JSONObject.wrap(JSONObject.java:2179)
at org.json.JSONArray.<init>(JSONArray.java:193)
at org.json.JSONObject.wrap(JSONObject.java:2165)
at org.json.JSONObject.populateMap(JSONObject.java:1460)
at org.json.JSONObject.<init>(JSONObject.java:315)
at org.json.JSONObject.wrap(JSONObject.java:2179)
at org.json.JSONArray.<init>(JSONArray.java:193)
at org.json.JSONObject.wrap(JSONObject.java:2165)
at org.json.JSONObject.populateMap(JSONObject.java:1460)
at org.json.JSONObject.<init>(JSONObject.java:315)
at org.json.JSONObject.wrap(JSONObject.java:2179)
at org.json.JSONArray.<init>(JSONArray.java:193)
at org.json.JSONObject.wrap(JSONObject.java:2165)
at org.json.JSONObject.populateMap(JSONObject.java:1460)
at org.json.JSONObject.<init>(JSONObject.java:315)
at org.json.JSONObject.wrap(JSONObject.java:2179)
at org.json.JSONArray.<init>(JSONArray.java:193)
at org.json.JSONObject.wrap(JSONObject.java:2165)
at org.json.JSONObject.populateMap(JSONObject.java:1460)
at org.json.JSONObject.<init>(JSONObject.java:315)
at org.json.JSONObject.wrap(JSONObject.java:2179)
at org.json.JSONArray.<init>(JSONArray.java:193)
at org.json.JSONObject.wrap(JSONObject.java:2165)
at org.json.JSONObject.populateMap(JSONObject.java:1460)
at org.json.JSONObject.<init>(JSONObject.java:315)
at org.json.JSONObject.wrap(JSONObject.java:2179)
at org.json.JSONArray.<init>(JSONArray.java:193)
at org.json.JSONObject.wrap(JSONObject.java:2165)
at org.json.JSONObject.populateMap(JSONObject.java:1460)
at org.json.JSONObject.<init>(JSONObject.java:315)
at org.json.JSONObject.wrap(JSONObject.java:2179)
at org.json.JSONArray.<init>(JSONArray.java:193)
at org.json.JSONObject.wrap(JSONObject.java:2165)
at org.json.JSONObject.populateMap(JSONObject.java:1460)
at org.json.JSONObject.<init>(JSONObject.java:315)
at org.json.JSONObject.wrap(JSONObject.java:2179)
at org.json.JSONArray.<init>(JSONArray.java:193)
at org.json.JSONObject.wrap(JSONObject.java:2165)
at org.json.JSONObject.populateMap(JSONObject.java:1460)
at org.json.JSONObject.<init>(JSONObject.java:315)
at org.json.JSONObject.wrap(JSONObject.java:2179)
at org.json.JSONArray.<init>(JSONArray.java:193)
at org.json.JSONObject.wrap(JSONObject.java:2165)
at org.json.JSONObject.populateMap(JSONObject.java:1460)
at org.json.JSONObject.<init>(JSONObject.java:315)
at org.json.JSONObject.wrap(JSONObject.java:2179)
at org.json.JSONArray.<init>(JSONArray.java:193)
at org.json.JSONObject.wrap(JSONObject.java:2165)
at org.json.JSONObject.populateMap(JSONObject.java:1460)
at org.json.JSONObject.<init>(JSONObject.java:315)
at org.json.JSONObject.wrap(JSONObject.java:2179)
at org.json.JSONArray.<init>(JSONArray.java:193)
at org.json.JSONObject.wrap(JSONObject.java:2165)
at org.json.JSONObject.populateMap(JSONObject.java:1460)
at org.json.JSONObject.<init>(JSONObject.java:315)
at org.json.JSONObject.wrap(JSONObject.java:2179)
at org.json.JSONArray.<init>(JSONArray.java:193)
at org.json.JSONObject.wrap(JSONObject.java:2165)
at org.json.JSONObject.populateMap(JSONObject.java:1460)
at org.json.JSONObject.<init>(JSONObject.java:315)
at org.json.JSONObject.wrap(JSONObject.java:2179)
at org.json.JSONArray.<init>(JSONArray.java:193)
at org.json.JSONObject.wrap(JSONObject.java:2165)
at org.json.JSONObject.populateMap(JSONObject.java:1460)
at org.json.JSONObject.<init>(JSONObject.java:315)
at org.json.JSONObject.wrap(JSONObject.java:2179)
at org.json.JSONArray.<init>(JSONArray.java:193)
at org.json.JSONObject.wrap(JSONObject.java:2165)
at org.json.JSONObject.populateMap(JSONObject.java:1460)
at org.json.JSONObject.<init>(JSONObject.java:315)
at org.json.JSONObject.wrap(JSONObject.java:2179)
at org.json.JSONArray.<init>(JSONArray.java:193)
at org.json.JSONObject.wrap(JSONObject.java:2165)
at org.json.JSONObject.populateMap(JSONObject.java:1460)
at org.json.JSONObject.<init>(JSONObject.java:315)
at org.json.JSONObject.wrap(JSONObject.java:2179)
at org.json.JSONArray.<init>(JSONArray.java:193)
at org.json.JSONObject.wrap(JSONObject.java:2165)
at org.json.JSONObject.populateMap(JSONObject.java:1460)
at org.json.JSONObject.<init>(JSONObject.java:315)
at org.json.JSONObject.wrap(JSONObject.java:2179)
at org.json.JSONArray.<init>(JSONArray.java:193)
at org.json.JSONObject.wrap(JSONObject.java:2165)
at org.json.JSONObject.populateMap(JSONObject.java:1460)
at org.json.JSONObject.<init>(JSONObject.java:315)
at org.json.JSONObject.wrap(JSONObject.java:2179)
at org.json.JSONArray.<init>(JSONArray.java:193)
at org.json.JSONObject.wrap(JSONObject.java:2165)
at org.json.JSONObject.populateMap(JSONObject.java:1460)
at org.json.JSONObject.<init>(JSONObject.java:315)
at org.json.JSONObject.wrap(JSONObject.java:2179)
at org.json.JSONArray.<init>(JSONArray.java:193)
at org.json.JSONObject.wrap(JSONObject.java:2165)
at org.json.JSONObject.populateMap(JSONObject.java:1460)
at org.json.JSONObject.<init>(JSONObject.java:315)
at org.json.JSONObject.wrap(JSONObject.java:2179)
at org.json.JSONArray.<init>(JSONArray.java:193)
at org.json.JSONObject.wrap(JSONObject.java:2165)
at org.json.JSONObject.populateMap(JSONObject.java:1460)
at org.json.JSONObject.<init>(JSONObject.java:315)
at org.json.JSONObject.wrap(JSONObject.java:2179)
at org.json.JSONArray.<init>(JSONArray.java:193)
at org.json.JSONObject.wrap(JSONObject.java:2165)
at org.json.JSONObject.populateMap(JSONObject.java:1460)
at org.json.JSONObject.<init>(JSONObject.java:315)
at org.json.JSONObject.wrap(JSONObject.java:2179)
at org.json.JSONArray.<init>(JSONArray.java:193)
at org.json.JSONObject.wrap(JSONObject.java:2165)
at org.json.JSONObject.populateMap(JSONObject.java:1460)
at org.json.JSONObject.<init>(JSONObject.java:315)
at org.json.JSONObject.wrap(JSONObject.java:2179)
at org.json.JSONArray.<init>(JSONArray.java:193)
at org.json.JSONObject.wrap(JSONObject.java:2165)
at org.json.JSONObject.populateMap(JSONObject.java:1460)
at org.json.JSONObject.<init>(JSONObject.java:315)
at org.json.JSONObject.wrap(JSONObject.java:2179)
at org.json.JSONArray.<init>(JSONArray.java:193)
at org.json.JSONObject.wrap(JSONObject.java:2165)
]]>
    </failure>
  </testcase> <!-- get -->
  <testcase name="test" time="0.0" classname="restFramework.com.rest.service.Service">
    <ignored/>
  </testcase> <!-- test -->
</testsuite> <!-- Default test -->
