<?xml version="1.0" encoding="UTF-8"?>
<testng-results skipped="0" failed="1" ignored="1" total="2" passed="0">
  <reporter-output>
  </reporter-output>
  <suite name="Default suite" duration-ms="3103" started-at="2018-04-04T20:15:39Z" finished-at="2018-04-04T20:15:42Z">
    <groups>
    </groups>
    <test name="Default test" duration-ms="3103" started-at="2018-04-04T20:15:39Z" finished-at="2018-04-04T20:15:42Z">
      <class name="restFramework.com.rest.service.Service">
        <test-method status="FAIL" signature="get()[pri:0, instance:restFramework.com.rest.service.Service@8bd1b6a]" name="get" duration-ms="3026" started-at="2018-04-04T20:15:39Z" finished-at="2018-04-04T20:15:42Z">
          <exception class="java.lang.StackOverflowError">
            <full-stacktrace>
              <![CDATA[java.lang.StackOverflowError
at org.json.JSONObject$Null.equals(JSONObject.java:130)
at org.json.JSONObject.wrap(JSONObject.java:2150)
at org.json.JSONArray.<init>(JSONArray.java:193)
at org.json.JSONObject.wrap(JSONObject.java:2165)
at org.json.JSONObject.populateMap(JSONObject.java:1460)
at org.json.JSONObject.<init>(JSONObject.java:315)
at org.json.JSONObject.wrap(JSONObject.java:2179)
at org.json.JSONArray.<init>(JSONArray.java:193)
at org.json.JSONObject.wrap(JSONObject.java:2165)
at org.json.JSONObject.populateMap(JSONObject.java:1460)
at org.json.JSONObject.<init>(JSONObject.java:315)
at org.json.JSONObject.wrap(JSONObject.java:2179)
at org.json.JSONArray.<init>(JSONArray.java:193)
at org.json.JSONObject.wrap(JSONObject.java:2165)
at org.json.JSONObject.populateMap(JSONObject.java:1460)
at org.json.JSONObject.<init>(JSONObject.java:315)
at org.json.JSONObject.wrap(JSONObject.java:2179)
at org.json.JSONArray.<init>(JSONArray.java:193)
at org.json.JSONObject.wrap(JSONObject.java:2165)
at org.json.JSONObject.populateMap(JSONObject.java:1460)
at org.json.JSONObject.<init>(JSONObject.java:315)
at org.json.JSONObject.wrap(JSONObject.java:2179)
at org.json.JSONArray.<init>(JSONArray.java:193)
at org.json.JSONObject.wrap(JSONObject.java:2165)
at org.json.JSONObject.populateMap(JSONObject.java:1460)
at org.json.JSONObject.<init>(JSONObject.java:315)
at org.json.JSONObject.wrap(JSONObject.java:2179)
at org.json.JSONArray.<init>(JSONArray.java:193)
at org.json.JSONObject.wrap(JSONObject.java:2165)
at org.json.JSONObject.populateMap(JSONObject.java:1460)
at org.json.JSONObject.<init>(JSONObject.java:315)
at org.json.JSONObject.wrap(JSONObject.java:2179)
at org.json.JSONArray.<init>(JSONArray.java:193)
at org.json.JSONObject.wrap(JSONObject.java:2165)
at org.json.JSONObject.populateMap(JSONObject.java:1460)
at org.json.JSONObject.<init>(JSONObject.java:315)
at org.json.JSONObject.wrap(JSONObject.java:2179)
at org.json.JSONArray.<init>(JSONArray.java:193)
at org.json.JSONObject.wrap(JSONObject.java:2165)
at org.json.JSONObject.populateMap(JSONObject.java:1460)
at org.json.JSONObject.<init>(JSONObject.java:315)
at org.json.JSONObject.wrap(JSONObject.java:2179)
at org.json.JSONArray.<init>(JSONArray.java:193)
at org.json.JSONObject.wrap(JSONObject.java:2165)
at org.json.JSONObject.populateMap(JSONObject.java:1460)
at org.json.JSONObject.<init>(JSONObject.java:315)
at org.json.JSONObject.wrap(JSONObject.java:2179)
at org.json.JSONArray.<init>(JSONArray.java:193)
at org.json.JSONObject.wrap(JSONObject.java:2165)
at org.json.JSONObject.populateMap(JSONObject.java:1460)
at org.json.JSONObject.<init>(JSONObject.java:315)
at org.json.JSONObject.wrap(JSONObject.java:2179)
at org.json.JSONArray.<init>(JSONArray.java:193)
at org.json.JSONObject.wrap(JSONObject.java:2165)
at org.json.JSONObject.populateMap(JSONObject.java:1460)
at org.json.JSONObject.<init>(JSONObject.java:315)
at org.json.JSONObject.wrap(JSONObject.java:2179)
at org.json.JSONArray.<init>(JSONArray.java:193)
at org.json.JSONObject.wrap(JSONObject.java:2165)
at org.json.JSONObject.populateMap(JSONObject.java:1460)
at org.json.JSONObject.<init>(JSONObject.java:315)
at org.json.JSONObject.wrap(JSONObject.java:2179)
at org.json.JSONArray.<init>(JSONArray.java:193)
at org.json.JSONObject.wrap(JSONObject.java:2165)
at org.json.JSONObject.populateMap(JSONObject.java:1460)
at org.json.JSONObject.<init>(JSONObject.java:315)
at org.json.JSONObject.wrap(JSONObject.java:2179)
at org.json.JSONArray.<init>(JSONArray.java:193)
at org.json.JSONObject.wrap(JSONObject.java:2165)
at org.json.JSONObject.populateMap(JSONObject.java:1460)
at org.json.JSONObject.<init>(JSONObject.java:315)
at org.json.JSONObject.wrap(JSONObject.java:2179)
at org.json.JSONArray.<init>(JSONArray.java:193)
at org.json.JSONObject.wrap(JSONObject.java:2165)
at org.json.JSONObject.populateMap(JSONObject.java:1460)
at org.json.JSONObject.<init>(JSONObject.java:315)
at org.json.JSONObject.wrap(JSONObject.java:2179)
at org.json.JSONArray.<init>(JSONArray.java:193)
at org.json.JSONObject.wrap(JSONObject.java:2165)
at org.json.JSONObject.populateMap(JSONObject.java:1460)
at org.json.JSONObject.<init>(JSONObject.java:315)
at org.json.JSONObject.wrap(JSONObject.java:2179)
at org.json.JSONArray.<init>(JSONArray.java:193)
at org.json.JSONObject.wrap(JSONObject.java:2165)
at org.json.JSONObject.populateMap(JSONObject.java:1460)
at org.json.JSONObject.<init>(JSONObject.java:315)
at org.json.JSONObject.wrap(JSONObject.java:2179)
at org.json.JSONArray.<init>(JSONArray.java:193)
at org.json.JSONObject.wrap(JSONObject.java:2165)
at org.json.JSONObject.populateMap(JSONObject.java:1460)
at org.json.JSONObject.<init>(JSONObject.java:315)
at org.json.JSONObject.wrap(JSONObject.java:2179)
at org.json.JSONArray.<init>(JSONArray.java:193)
at org.json.JSONObject.wrap(JSONObject.java:2165)
at org.json.JSONObject.populateMap(JSONObject.java:1460)
at org.json.JSONObject.<init>(JSONObject.java:315)
at org.json.JSONObject.wrap(JSONObject.java:2179)
at org.json.JSONArray.<init>(JSONArray.java:193)
at org.json.JSONObject.wrap(JSONObject.java:2165)
at org.json.JSONObject.populateMap(JSONObject.java:1460)
at org.json.JSONObject.<init>(JSONObject.java:315)
at org.json.JSONObject.wrap(JSONObject.java:2179)
at org.json.JSONArray.<init>(JSONArray.java:193)
at org.json.JSONObject.wrap(JSONObject.java:2165)
at org.json.JSONObject.populateMap(JSONObject.java:1460)
at org.json.JSONObject.<init>(JSONObject.java:315)
at org.json.JSONObject.wrap(JSONObject.java:2179)
at org.json.JSONArray.<init>(JSONArray.java:193)
at org.json.JSONObject.wrap(JSONObject.java:2165)
at org.json.JSONObject.populateMap(JSONObject.java:1460)
at org.json.JSONObject.<init>(JSONObject.java:315)
at org.json.JSONObject.wrap(JSONObject.java:2179)
at org.json.JSONArray.<init>(JSONArray.java:193)
at org.json.JSONObject.wrap(JSONObject.java:2165)
at org.json.JSONObject.populateMap(JSONObject.java:1460)
at org.json.JSONObject.<init>(JSONObject.java:315)
at org.json.JSONObject.wrap(JSONObject.java:2179)
at org.json.JSONArray.<init>(JSONArray.java:193)
at org.json.JSONObject.wrap(JSONObject.java:2165)
at org.json.JSONObject.populateMap(JSONObject.java:1460)
at org.json.JSONObject.<init>(JSONObject.java:315)
at org.json.JSONObject.wrap(JSONObject.java:2179)
at org.json.JSONArray.<init>(JSONArray.java:193)
at org.json.JSONObject.wrap(JSONObject.java:2165)
at org.json.JSONObject.populateMap(JSONObject.java:1460)
at org.json.JSONObject.<init>(JSONObject.java:315)
at org.json.JSONObject.wrap(JSONObject.java:2179)
at org.json.JSONArray.<init>(JSONArray.java:193)
at org.json.JSONObject.wrap(JSONObject.java:2165)
at org.json.JSONObject.populateMap(JSONObject.java:1460)
at org.json.JSONObject.<init>(JSONObject.java:315)
at org.json.JSONObject.wrap(JSONObject.java:2179)
at org.json.JSONArray.<init>(JSONArray.java:193)
at org.json.JSONObject.wrap(JSONObject.java:2165)
at org.json.JSONObject.populateMap(JSONObject.java:1460)
at org.json.JSONObject.<init>(JSONObject.java:315)
at org.json.JSONObject.wrap(JSONObject.java:2179)
at org.json.JSONArray.<init>(JSONArray.java:193)
at org.json.JSONObject.wrap(JSONObject.java:2165)
at org.json.JSONObject.populateMap(JSONObject.java:1460)
at org.json.JSONObject.<init>(JSONObject.java:315)
at org.json.JSONObject.wrap(JSONObject.java:2179)
at org.json.JSONArray.<init>(JSONArray.java:193)
at org.json.JSONObject.wrap(JSONObject.java:2165)
at org.json.JSONObject.populateMap(JSONObject.java:1460)
at org.json.JSONObject.<init>(JSONObject.java:315)
at org.json.JSONObject.wrap(JSONObject.java:2179)
at org.json.JSONArray.<init>(JSONArray.java:193)
at org.json.JSONObject.wrap(JSONObject.java:2165)
at org.json.JSONObject.populateMap(JSONObject.java:1460)
at org.json.JSONObject.<init>(JSONObject.java:315)
at org.json.JSONObject.wrap(JSONObject.java:2179)
at org.json.JSONArray.<init>(JSONArray.java:193)
at org.json.JSONObject.wrap(JSONObject.java:2165)
at org.json.JSONObject.populateMap(JSONObject.java:1460)
at org.json.JSONObject.<init>(JSONObject.java:315)
at org.json.JSONObject.wrap(JSONObject.java:2179)
at org.json.JSONArray.<init>(JSONArray.java:193)
at org.json.JSONObject.wrap(JSONObject.java:2165)
at org.json.JSONObject.populateMap(JSONObject.java:1460)
at org.json.JSONObject.<init>(JSONObject.java:315)
at org.json.JSONObject.wrap(JSONObject.java:2179)
at org.json.JSONArray.<init>(JSONArray.java:193)
at org.json.JSONObject.wrap(JSONObject.java:2165)
at org.json.JSONObject.populateMap(JSONObject.java:1460)
at org.json.JSONObject.<init>(JSONObject.java:315)
at org.json.JSONObject.wrap(JSONObject.java:2179)
at org.json.JSONArray.<init>(JSONArray.java:193)
at org.json.JSONObject.wrap(JSONObject.java:2165)
at org.json.JSONObject.populateMap(JSONObject.java:1460)
at org.json.JSONObject.<init>(JSONObject.java:315)
at org.json.JSONObject.wrap(JSONObject.java:2179)
at org.json.JSONArray.<init>(JSONArray.java:193)
at org.json.JSONObject.wrap(JSONObject.java:2165)
at org.json.JSONObject.populateMap(JSONObject.java:1460)
at org.json.JSONObject.<init>(JSONObject.java:315)
at org.json.JSONObject.wrap(JSONObject.java:2179)
at org.json.JSONArray.<init>(JSONArray.java:193)
at org.json.JSONObject.wrap(JSONObject.java:2165)
at org.json.JSONObject.populateMap(JSONObject.java:1460)
at org.json.JSONObject.<init>(JSONObject.java:315)
at org.json.JSONObject.wrap(JSONObject.java:2179)
at org.json.JSONArray.<init>(JSONArray.java:193)
at org.json.JSONObject.wrap(JSONObject.java:2165)
at org.json.JSONObject.populateMap(JSONObject.java:1460)
at org.json.JSONObject.<init>(JSONObject.java:315)
at org.json.JSONObject.wrap(JSONObject.java:2179)
at org.json.JSONArray.<init>(JSONArray.java:193)
at org.json.JSONObject.wrap(JSONObject.java:2165)
at org.json.JSONObject.populateMap(JSONObject.java:1460)
at org.json.JSONObject.<init>(JSONObject.java:315)
at org.json.JSONObject.wrap(JSONObject.java:2179)
at org.json.JSONArray.<init>(JSONArray.java:193)
at org.json.JSONObject.wrap(JSONObject.java:2165)
at org.json.JSONObject.populateMap(JSONObject.java:1460)
at org.json.JSONObject.<init>(JSONObject.java:315)
at org.json.JSONObject.wrap(JSONObject.java:2179)
at org.json.JSONArray.<init>(JSONArray.java:193)
at org.json.JSONObject.wrap(JSONObject.java:2165)
at org.json.JSONObject.populateMap(JSONObject.java:1460)
at org.json.JSONObject.<init>(JSONObject.java:315)
at org.json.JSONObject.wrap(JSONObject.java:2179)
at org.json.JSONArray.<init>(JSONArray.java:193)
at org.json.JSONObject.wrap(JSONObject.java:2165)
at org.json.JSONObject.populateMap(JSONObject.java:1460)
at org.json.JSONObject.<init>(JSONObject.java:315)
at org.json.JSONObject.wrap(JSONObject.java:2179)
at org.json.JSONArray.<init>(JSONArray.java:193)
at org.json.JSONObject.wrap(JSONObject.java:2165)
at org.json.JSONObject.populateMap(JSONObject.java:1460)
at org.json.JSONObject.<init>(JSONObject.java:315)
at org.json.JSONObject.wrap(JSONObject.java:2179)
at org.json.JSONArray.<init>(JSONArray.java:193)
at org.json.JSONObject.wrap(JSONObject.java:2165)
at org.json.JSONObject.populateMap(JSONObject.java:1460)
at org.json.JSONObject.<init>(JSONObject.java:315)
at org.json.JSONObject.wrap(JSONObject.java:2179)
at org.json.JSONArray.<init>(JSONArray.java:193)
at org.json.JSONObject.wrap(JSONObject.java:2165)
at org.json.JSONObject.populateMap(JSONObject.java:1460)
at org.json.JSONObject.<init>(JSONObject.java:315)
at org.json.JSONObject.wrap(JSONObject.java:2179)
at org.json.JSONArray.<init>(JSONArray.java:193)
at org.json.JSONObject.wrap(JSONObject.java:2165)
at org.json.JSONObject.populateMap(JSONObject.java:1460)
at org.json.JSONObject.<init>(JSONObject.java:315)
at org.json.JSONObject.wrap(JSONObject.java:2179)
at org.json.JSONArray.<init>(JSONArray.java:193)
at org.json.JSONObject.wrap(JSONObject.java:2165)
at org.json.JSONObject.populateMap(JSONObject.java:1460)
at org.json.JSONObject.<init>(JSONObject.java:315)
at org.json.JSONObject.wrap(JSONObject.java:2179)
at org.json.JSONArray.<init>(JSONArray.java:193)
at org.json.JSONObject.wrap(JSONObject.java:2165)
at org.json.JSONObject.populateMap(JSONObject.java:1460)
at org.json.JSONObject.<init>(JSONObject.java:315)
at org.json.JSONObject.wrap(JSONObject.java:2179)
at org.json.JSONArray.<init>(JSONArray.java:193)
at org.json.JSONObject.wrap(JSONObject.java:2165)
at org.json.JSONObject.populateMap(JSONObject.java:1460)
at org.json.JSONObject.<init>(JSONObject.java:315)
at org.json.JSONObject.wrap(JSONObject.java:2179)
at org.json.JSONArray.<init>(JSONArray.java:193)
at org.json.JSONObject.wrap(JSONObject.java:2165)
at org.json.JSONObject.populateMap(JSONObject.java:1460)
at org.json.JSONObject.<init>(JSONObject.java:315)
at org.json.JSONObject.wrap(JSONObject.java:2179)
at org.json.JSONArray.<init>(JSONArray.java:193)
at org.json.JSONObject.wrap(JSONObject.java:2165)
at org.json.JSONObject.populateMap(JSONObject.java:1460)
at org.json.JSONObject.<init>(JSONObject.java:315)
at org.json.JSONObject.wrap(JSONObject.java:2179)
at org.json.JSONArray.<init>(JSONArray.java:193)
at org.json.JSONObject.wrap(JSONObject.java:2165)
at org.json.JSONObject.populateMap(JSONObject.java:1460)
at org.json.JSONObject.<init>(JSONObject.java:315)
at org.json.JSONObject.wrap(JSONObject.java:2179)
at org.json.JSONArray.<init>(JSONArray.java:193)
at org.json.JSONObject.wrap(JSONObject.java:2165)
at org.json.JSONObject.populateMap(JSONObject.java:1460)
at org.json.JSONObject.<init>(JSONObject.java:315)
at org.json.JSONObject.wrap(JSONObject.java:2179)
at org.json.JSONArray.<init>(JSONArray.java:193)
at org.json.JSONObject.wrap(JSONObject.java:2165)
at org.json.JSONObject.populateMap(JSONObject.java:1460)
at org.json.JSONObject.<init>(JSONObject.java:315)
at org.json.JSONObject.wrap(JSONObject.java:2179)
at org.json.JSONArray.<init>(JSONArray.java:193)
at org.json.JSONObject.wrap(JSONObject.java:2165)
at org.json.JSONObject.populateMap(JSONObject.java:1460)
at org.json.JSONObject.<init>(JSONObject.java:315)
at org.json.JSONObject.wrap(JSONObject.java:2179)
at org.json.JSONArray.<init>(JSONArray.java:193)
at org.json.JSONObject.wrap(JSONObject.java:2165)
at org.json.JSONObject.populateMap(JSONObject.java:1460)
at org.json.JSONObject.<init>(JSONObject.java:315)
at org.json.JSONObject.wrap(JSONObject.java:2179)
at org.json.JSONArray.<init>(JSONArray.java:193)
at org.json.JSONObject.wrap(JSONObject.java:2165)
at org.json.JSONObject.populateMap(JSONObject.java:1460)
at org.json.JSONObject.<init>(JSONObject.java:315)
at org.json.JSONObject.wrap(JSONObject.java:2179)
at org.json.JSONArray.<init>(JSONArray.java:193)
at org.json.JSONObject.wrap(JSONObject.java:2165)
at org.json.JSONObject.populateMap(JSONObject.java:1460)
at org.json.JSONObject.<init>(JSONObject.java:315)
at org.json.JSONObject.wrap(JSONObject.java:2179)
at org.json.JSONArray.<init>(JSONArray.java:193)
at org.json.JSONObject.wrap(JSONObject.java:2165)
at org.json.JSONObject.populateMap(JSONObject.java:1460)
at org.json.JSONObject.<init>(JSONObject.java:315)
at org.json.JSONObject.wrap(JSONObject.java:2179)
at org.json.JSONArray.<init>(JSONArray.java:193)
at org.json.JSONObject.wrap(JSONObject.java:2165)
at org.json.JSONObject.populateMap(JSONObject.java:1460)
at org.json.JSONObject.<init>(JSONObject.java:315)
at org.json.JSONObject.wrap(JSONObject.java:2179)
at org.json.JSONArray.<init>(JSONArray.java:193)
at org.json.JSONObject.wrap(JSONObject.java:2165)
at org.json.JSONObject.populateMap(JSONObject.java:1460)
at org.json.JSONObject.<init>(JSONObject.java:315)
at org.json.JSONObject.wrap(JSONObject.java:2179)
at org.json.JSONArray.<init>(JSONArray.java:193)
at org.json.JSONObject.wrap(JSONObject.java:2165)
at org.json.JSONObject.populateMap(JSONObject.java:1460)
at org.json.JSONObject.<init>(JSONObject.java:315)
at org.json.JSONObject.wrap(JSONObject.java:2179)
at org.json.JSONArray.<init>(JSONArray.java:193)
at org.json.JSONObject.wrap(JSONObject.java:2165)
at org.json.JSONObject.populateMap(JSONObject.java:1460)
at org.json.JSONObject.<init>(JSONObject.java:315)
at org.json.JSONObject.wrap(JSONObject.java:2179)
at org.json.JSONArray.<init>(JSONArray.java:193)
at org.json.JSONObject.wrap(JSONObject.java:2165)
at org.json.JSONObject.populateMap(JSONObject.java:1460)
at org.json.JSONObject.<init>(JSONObject.java:315)
at org.json.JSONObject.wrap(JSONObject.java:2179)
at org.json.JSONArray.<init>(JSONArray.java:193)
at org.json.JSONObject.wrap(JSONObject.java:2165)
at org.json.JSONObject.populateMap(JSONObject.java:1460)
at org.json.JSONObject.<init>(JSONObject.java:315)
at org.json.JSONObject.wrap(JSONObject.java:2179)
at org.json.JSONArray.<init>(JSONArray.java:193)
at org.json.JSONObject.wrap(JSONObject.java:2165)
at org.json.JSONObject.populateMap(JSONObject.java:1460)
at org.json.JSONObject.<init>(JSONObject.java:315)
at org.json.JSONObject.wrap(JSONObject.java:2179)
at org.json.JSONArray.<init>(JSONArray.java:193)
at org.json.JSONObject.wrap(JSONObject.java:2165)
at org.json.JSONObject.populateMap(JSONObject.java:1460)
at org.json.JSONObject.<init>(JSONObject.java:315)
at org.json.JSONObject.wrap(JSONObject.java:2179)
at org.json.JSONArray.<init>(JSONArray.java:193)
at org.json.JSONObject.wrap(JSONObject.java:2165)
at org.json.JSONObject.populateMap(JSONObject.java:1460)
at org.json.JSONObject.<init>(JSONObject.java:315)
at org.json.JSONObject.wrap(JSONObject.java:2179)
at org.json.JSONArray.<init>(JSONArray.java:193)
at org.json.JSONObject.wrap(JSONObject.java:2165)
at org.json.JSONObject.populateMap(JSONObject.java:1460)
at org.json.JSONObject.<init>(JSONObject.java:315)
at org.json.JSONObject.wrap(JSONObject.java:2179)
at org.json.JSONArray.<init>(JSONArray.java:193)
at org.json.JSONObject.wrap(JSONObject.java:2165)
at org.json.JSONObject.populateMap(JSONObject.java:1460)
at org.json.JSONObject.<init>(JSONObject.java:315)
at org.json.JSONObject.wrap(JSONObject.java:2179)
at org.json.JSONArray.<init>(JSONArray.java:193)
at org.json.JSONObject.wrap(JSONObject.java:2165)
at org.json.JSONObject.populateMap(JSONObject.java:1460)
at org.json.JSONObject.<init>(JSONObject.java:315)
at org.json.JSONObject.wrap(JSONObject.java:2179)
at org.json.JSONArray.<init>(JSONArray.java:193)
at org.json.JSONObject.wrap(JSONObject.java:2165)
at org.json.JSONObject.populateMap(JSONObject.java:1460)
at org.json.JSONObject.<init>(JSONObject.java:315)
at org.json.JSONObject.wrap(JSONObject.java:2179)
at org.json.JSONArray.<init>(JSONArray.java:193)
at org.json.JSONObject.wrap(JSONObject.java:2165)
at org.json.JSONObject.populateMap(JSONObject.java:1460)
at org.json.JSONObject.<init>(JSONObject.java:315)
at org.json.JSONObject.wrap(JSONObject.java:2179)
at org.json.JSONArray.<init>(JSONArray.java:193)
at org.json.JSONObject.wrap(JSONObject.java:2165)
at org.json.JSONObject.populateMap(JSONObject.java:1460)
at org.json.JSONObject.<init>(JSONObject.java:315)
at org.json.JSONObject.wrap(JSONObject.java:2179)
at org.json.JSONArray.<init>(JSONArray.java:193)
at org.json.JSONObject.wrap(JSONObject.java:2165)
at org.json.JSONObject.populateMap(JSONObject.java:1460)
at org.json.JSONObject.<init>(JSONObject.java:315)
at org.json.JSONObject.wrap(JSONObject.java:2179)
at org.json.JSONArray.<init>(JSONArray.java:193)
at org.json.JSONObject.wrap(JSONObject.java:2165)
at org.json.JSONObject.populateMap(JSONObject.java:1460)
at org.json.JSONObject.<init>(JSONObject.java:315)
at org.json.JSONObject.wrap(JSONObject.java:2179)
at org.json.JSONArray.<init>(JSONArray.java:193)
at org.json.JSONObject.wrap(JSONObject.java:2165)
at org.json.JSONObject.populateMap(JSONObject.java:1460)
at org.json.JSONObject.<init>(JSONObject.java:315)
at org.json.JSONObject.wrap(JSONObject.java:2179)
at org.json.JSONArray.<init>(JSONArray.java:193)
at org.json.JSONObject.wrap(JSONObject.java:2165)
at org.json.JSONObject.populateMap(JSONObject.java:1460)
at org.json.JSONObject.<init>(JSONObject.java:315)
at org.json.JSONObject.wrap(JSONObject.java:2179)
at org.json.JSONArray.<init>(JSONArray.java:193)
at org.json.JSONObject.wrap(JSONObject.java:2165)
at org.json.JSONObject.populateMap(JSONObject.java:1460)
at org.json.JSONObject.<init>(JSONObject.java:315)
at org.json.JSONObject.wrap(JSONObject.java:2179)
at org.json.JSONArray.<init>(JSONArray.java:193)
at org.json.JSONObject.wrap(JSONObject.java:2165)
at org.json.JSONObject.populateMap(JSONObject.java:1460)
at org.json.JSONObject.<init>(JSONObject.java:315)
at org.json.JSONObject.wrap(JSONObject.java:2179)
at org.json.JSONArray.<init>(JSONArray.java:193)
at org.json.JSONObject.wrap(JSONObject.java:2165)
at org.json.JSONObject.populateMap(JSONObject.java:1460)
at org.json.JSONObject.<init>(JSONObject.java:315)
at org.json.JSONObject.wrap(JSONObject.java:2179)
at org.json.JSONArray.<init>(JSONArray.java:193)
at org.json.JSONObject.wrap(JSONObject.java:2165)
at org.json.JSONObject.populateMap(JSONObject.java:1460)
at org.json.JSONObject.<init>(JSONObject.java:315)
at org.json.JSONObject.wrap(JSONObject.java:2179)
at org.json.JSONArray.<init>(JSONArray.java:193)
at org.json.JSONObject.wrap(JSONObject.java:2165)
at org.json.JSONObject.populateMap(JSONObject.java:1460)
at org.json.JSONObject.<init>(JSONObject.java:315)
at org.json.JSONObject.wrap(JSONObject.java:2179)
at org.json.JSONArray.<init>(JSONArray.java:193)
at org.json.JSONObject.wrap(JSONObject.java:2165)
at org.json.JSONObject.populateMap(JSONObject.java:1460)
at org.json.JSONObject.<init>(JSONObject.java:315)
at org.json.JSONObject.wrap(JSONObject.java:2179)
at org.json.JSONArray.<init>(JSONArray.java:193)
at org.json.JSONObject.wrap(JSONObject.java:2165)
at org.json.JSONObject.populateMap(JSONObject.java:1460)
at org.json.JSONObject.<init>(JSONObject.java:315)
at org.json.JSONObject.wrap(JSONObject.java:2179)
at org.json.JSONArray.<init>(JSONArray.java:193)
at org.json.JSONObject.wrap(JSONObject.java:2165)
at org.json.JSONObject.populateMap(JSONObject.java:1460)
at org.json.JSONObject.<init>(JSONObject.java:315)
at org.json.JSONObject.wrap(JSONObject.java:2179)
at org.json.JSONArray.<init>(JSONArray.java:193)
at org.json.JSONObject.wrap(JSONObject.java:2165)
at org.json.JSONObject.populateMap(JSONObject.java:1460)
at org.json.JSONObject.<init>(JSONObject.java:315)
at org.json.JSONObject.wrap(JSONObject.java:2179)
at org.json.JSONArray.<init>(JSONArray.java:193)
at org.json.JSONObject.wrap(JSONObject.java:2165)
at org.json.JSONObject.populateMap(JSONObject.java:1460)
at org.json.JSONObject.<init>(JSONObject.java:315)
at org.json.JSONObject.wrap(JSONObject.java:2179)
at org.json.JSONArray.<init>(JSONArray.java:193)
at org.json.JSONObject.wrap(JSONObject.java:2165)
at org.json.JSONObject.populateMap(JSONObject.java:1460)
at org.json.JSONObject.<init>(JSONObject.java:315)
at org.json.JSONObject.wrap(JSONObject.java:2179)
at org.json.JSONArray.<init>(JSONArray.java:193)
at org.json.JSONObject.wrap(JSONObject.java:2165)
at org.json.JSONObject.populateMap(JSONObject.java:1460)
at org.json.JSONObject.<init>(JSONObject.java:315)
at org.json.JSONObject.wrap(JSONObject.java:2179)
at org.json.JSONArray.<init>(JSONArray.java:193)
at org.json.JSONObject.wrap(JSONObject.java:2165)
at org.json.JSONObject.populateMap(JSONObject.java:1460)
at org.json.JSONObject.<init>(JSONObject.java:315)
at org.json.JSONObject.wrap(JSONObject.java:2179)
at org.json.JSONArray.<init>(JSONArray.java:193)
at org.json.JSONObject.wrap(JSONObject.java:2165)
at org.json.JSONObject.populateMap(JSONObject.java:1460)
at org.json.JSONObject.<init>(JSONObject.java:315)
at org.json.JSONObject.wrap(JSONObject.java:2179)
at org.json.JSONArray.<init>(JSONArray.java:193)
at org.json.JSONObject.wrap(JSONObject.java:2165)
at org.json.JSONObject.populateMap(JSONObject.java:1460)
at org.json.JSONObject.<init>(JSONObject.java:315)
at org.json.JSONObject.wrap(JSONObject.java:2179)
at org.json.JSONArray.<init>(JSONArray.java:193)
at org.json.JSONObject.wrap(JSONObject.java:2165)
at org.json.JSONObject.populateMap(JSONObject.java:1460)
at org.json.JSONObject.<init>(JSONObject.java:315)
at org.json.JSONObject.wrap(JSONObject.java:2179)
at org.json.JSONArray.<init>(JSONArray.java:193)
at org.json.JSONObject.wrap(JSONObject.java:2165)
at org.json.JSONObject.populateMap(JSONObject.java:1460)
at org.json.JSONObject.<init>(JSONObject.java:315)
at org.json.JSONObject.wrap(JSONObject.java:2179)
at org.json.JSONArray.<init>(JSONArray.java:193)
at org.json.JSONObject.wrap(JSONObject.java:2165)
at org.json.JSONObject.populateMap(JSONObject.java:1460)
at org.json.JSONObject.<init>(JSONObject.java:315)
at org.json.JSONObject.wrap(JSONObject.java:2179)
at org.json.JSONArray.<init>(JSONArray.java:193)
at org.json.JSONObject.wrap(JSONObject.java:2165)
at org.json.JSONObject.populateMap(JSONObject.java:1460)
at org.json.JSONObject.<init>(JSONObject.java:315)
at org.json.JSONObject.wrap(JSONObject.java:2179)
at org.json.JSONArray.<init>(JSONArray.java:193)
at org.json.JSONObject.wrap(JSONObject.java:2165)
at org.json.JSONObject.populateMap(JSONObject.java:1460)
at org.json.JSONObject.<init>(JSONObject.java:315)
at org.json.JSONObject.wrap(JSONObject.java:2179)
at org.json.JSONArray.<init>(JSONArray.java:193)
at org.json.JSONObject.wrap(JSONObject.java:2165)
at org.json.JSONObject.populateMap(JSONObject.java:1460)
at org.json.JSONObject.<init>(JSONObject.java:315)
at org.json.JSONObject.wrap(JSONObject.java:2179)
at org.json.JSONArray.<init>(JSONArray.java:193)
at org.json.JSONObject.wrap(JSONObject.java:2165)
at org.json.JSONObject.populateMap(JSONObject.java:1460)
at org.json.JSONObject.<init>(JSONObject.java:315)
at org.json.JSONObject.wrap(JSONObject.java:2179)
at org.json.JSONArray.<init>(JSONArray.java:193)
at org.json.JSONObject.wrap(JSONObject.java:2165)
at org.json.JSONObject.populateMap(JSONObject.java:1460)
at org.json.JSONObject.<init>(JSONObject.java:315)
at org.json.JSONObject.wrap(JSONObject.java:2179)
at org.json.JSONArray.<init>(JSONArray.java:193)
at org.json.JSONObject.wrap(JSONObject.java:2165)
at org.json.JSONObject.populateMap(JSONObject.java:1460)
at org.json.JSONObject.<init>(JSONObject.java:315)
at org.json.JSONObject.wrap(JSONObject.java:2179)
at org.json.JSONArray.<init>(JSONArray.java:193)
at org.json.JSONObject.wrap(JSONObject.java:2165)
at org.json.JSONObject.populateMap(JSONObject.java:1460)
at org.json.JSONObject.<init>(JSONObject.java:315)
at org.json.JSONObject.wrap(JSONObject.java:2179)
at org.json.JSONArray.<init>(JSONArray.java:193)
at org.json.JSONObject.wrap(JSONObject.java:2165)
at org.json.JSONObject.populateMap(JSONObject.java:1460)
at org.json.JSONObject.<init>(JSONObject.java:315)
at org.json.JSONObject.wrap(JSONObject.java:2179)
at org.json.JSONArray.<init>(JSONArray.java:193)
at org.json.JSONObject.wrap(JSONObject.java:2165)
at org.json.JSONObject.populateMap(JSONObject.java:1460)
at org.json.JSONObject.<init>(JSONObject.java:315)
at org.json.JSONObject.wrap(JSONObject.java:2179)
at org.json.JSONArray.<init>(JSONArray.java:193)
at org.json.JSONObject.wrap(JSONObject.java:2165)
at org.json.JSONObject.populateMap(JSONObject.java:1460)
at org.json.JSONObject.<init>(JSONObject.java:315)
at org.json.JSONObject.wrap(JSONObject.java:2179)
at org.json.JSONArray.<init>(JSONArray.java:193)
at org.json.JSONObject.wrap(JSONObject.java:2165)
at org.json.JSONObject.populateMap(JSONObject.java:1460)
at org.json.JSONObject.<init>(JSONObject.java:315)
at org.json.JSONObject.wrap(JSONObject.java:2179)
at org.json.JSONArray.<init>(JSONArray.java:193)
at org.json.JSONObject.wrap(JSONObject.java:2165)
at org.json.JSONObject.populateMap(JSONObject.java:1460)
at org.json.JSONObject.<init>(JSONObject.java:315)
at org.json.JSONObject.wrap(JSONObject.java:2179)
at org.json.JSONArray.<init>(JSONArray.java:193)
at org.json.JSONObject.wrap(JSONObject.java:2165)
at org.json.JSONObject.populateMap(JSONObject.java:1460)
at org.json.JSONObject.<init>(JSONObject.java:315)
at org.json.JSONObject.wrap(JSONObject.java:2179)
at org.json.JSONArray.<init>(JSONArray.java:193)
at org.json.JSONObject.wrap(JSONObject.java:2165)
at org.json.JSONObject.populateMap(JSONObject.java:1460)
at org.json.JSONObject.<init>(JSONObject.java:315)
at org.json.JSONObject.wrap(JSONObject.java:2179)
at org.json.JSONArray.<init>(JSONArray.java:193)
at org.json.JSONObject.wrap(JSONObject.java:2165)
at org.json.JSONObject.populateMap(JSONObject.java:1460)
at org.json.JSONObject.<init>(JSONObject.java:315)
at org.json.JSONObject.wrap(JSONObject.java:2179)
at org.json.JSONArray.<init>(JSONArray.java:193)
at org.json.JSONObject.wrap(JSONObject.java:2165)
at org.json.JSONObject.populateMap(JSONObject.java:1460)
at org.json.JSONObject.<init>(JSONObject.java:315)
at org.json.JSONObject.wrap(JSONObject.java:2179)
at org.json.JSONArray.<init>(JSONArray.java:193)
at org.json.JSONObject.wrap(JSONObject.java:2165)
at org.json.JSONObject.populateMap(JSONObject.java:1460)
at org.json.JSONObject.<init>(JSONObject.java:315)
at org.json.JSONObject.wrap(JSONObject.java:2179)
at org.json.JSONArray.<init>(JSONArray.java:193)
at org.json.JSONObject.wrap(JSONObject.java:2165)
at org.json.JSONObject.populateMap(JSONObject.java:1460)
at org.json.JSONObject.<init>(JSONObject.java:315)
at org.json.JSONObject.wrap(JSONObject.java:2179)
at org.json.JSONArray.<init>(JSONArray.java:193)
at org.json.JSONObject.wrap(JSONObject.java:2165)
at org.json.JSONObject.populateMap(JSONObject.java:1460)
at org.json.JSONObject.<init>(JSONObject.java:315)
at org.json.JSONObject.wrap(JSONObject.java:2179)
at org.json.JSONArray.<init>(JSONArray.java:193)
at org.json.JSONObject.wrap(JSONObject.java:2165)
at org.json.JSONObject.populateMap(JSONObject.java:1460)
at org.json.JSONObject.<init>(JSONObject.java:315)
at org.json.JSONObject.wrap(JSONObject.java:2179)
at org.json.JSONArray.<init>(JSONArray.java:193)
at org.json.JSONObject.wrap(JSONObject.java:2165)
at org.json.JSONObject.populateMap(JSONObject.java:1460)
at org.json.JSONObject.<init>(JSONObject.java:315)
at org.json.JSONObject.wrap(JSONObject.java:2179)
at org.json.JSONArray.<init>(JSONArray.java:193)
at org.json.JSONObject.wrap(JSONObject.java:2165)
at org.json.JSONObject.populateMap(JSONObject.java:1460)
at org.json.JSONObject.<init>(JSONObject.java:315)
at org.json.JSONObject.wrap(JSONObject.java:2179)
at org.json.JSONArray.<init>(JSONArray.java:193)
at org.json.JSONObject.wrap(JSONObject.java:2165)
at org.json.JSONObject.populateMap(JSONObject.java:1460)
at org.json.JSONObject.<init>(JSONObject.java:315)
at org.json.JSONObject.wrap(JSONObject.java:2179)
at org.json.JSONArray.<init>(JSONArray.java:193)
at org.json.JSONObject.wrap(JSONObject.java:2165)
at org.json.JSONObject.populateMap(JSONObject.java:1460)
at org.json.JSONObject.<init>(JSONObject.java:315)
at org.json.JSONObject.wrap(JSONObject.java:2179)
at org.json.JSONArray.<init>(JSONArray.java:193)
at org.json.JSONObject.wrap(JSONObject.java:2165)
at org.json.JSONObject.populateMap(JSONObject.java:1460)
at org.json.JSONObject.<init>(JSONObject.java:315)
at org.json.JSONObject.wrap(JSONObject.java:2179)
at org.json.JSONArray.<init>(JSONArray.java:193)
at org.json.JSONObject.wrap(JSONObject.java:2165)
at org.json.JSONObject.populateMap(JSONObject.java:1460)
at org.json.JSONObject.<init>(JSONObject.java:315)
at org.json.JSONObject.wrap(JSONObject.java:2179)
at org.json.JSONArray.<init>(JSONArray.java:193)
at org.json.JSONObject.wrap(JSONObject.java:2165)
at org.json.JSONObject.populateMap(JSONObject.java:1460)
at org.json.JSONObject.<init>(JSONObject.java:315)
at org.json.JSONObject.wrap(JSONObject.java:2179)
at org.json.JSONArray.<init>(JSONArray.java:193)
at org.json.JSONObject.wrap(JSONObject.java:2165)
at org.json.JSONObject.populateMap(JSONObject.java:1460)
at org.json.JSONObject.<init>(JSONObject.java:315)
at org.json.JSONObject.wrap(JSONObject.java:2179)
at org.json.JSONArray.<init>(JSONArray.java:193)
at org.json.JSONObject.wrap(JSONObject.java:2165)
at org.json.JSONObject.populateMap(JSONObject.java:1460)
at org.json.JSONObject.<init>(JSONObject.java:315)
at org.json.JSONObject.wrap(JSONObject.java:2179)
at org.json.JSONArray.<init>(JSONArray.java:193)
at org.json.JSONObject.wrap(JSONObject.java:2165)
at org.json.JSONObject.populateMap(JSONObject.java:1460)
at org.json.JSONObject.<init>(JSONObject.java:315)
at org.json.JSONObject.wrap(JSONObject.java:2179)
at org.json.JSONArray.<init>(JSONArray.java:193)
at org.json.JSONObject.wrap(JSONObject.java:2165)
at org.json.JSONObject.populateMap(JSONObject.java:1460)
at org.json.JSONObject.<init>(JSONObject.java:315)
at org.json.JSONObject.wrap(JSONObject.java:2179)
at org.json.JSONArray.<init>(JSONArray.java:193)
at org.json.JSONObject.wrap(JSONObject.java:2165)
at org.json.JSONObject.populateMap(JSONObject.java:1460)
at org.json.JSONObject.<init>(JSONObject.java:315)
at org.json.JSONObject.wrap(JSONObject.java:2179)
at org.json.JSONArray.<init>(JSONArray.java:193)
at org.json.JSONObject.wrap(JSONObject.java:2165)
at org.json.JSONObject.populateMap(JSONObject.java:1460)
at org.json.JSONObject.<init>(JSONObject.java:315)
at org.json.JSONObject.wrap(JSONObject.java:2179)
at org.json.JSONArray.<init>(JSONArray.java:193)
at org.json.JSONObject.wrap(JSONObject.java:2165)
at org.json.JSONObject.populateMap(JSONObject.java:1460)
at org.json.JSONObject.<init>(JSONObject.java:315)
at org.json.JSONObject.wrap(JSONObject.java:2179)
at org.json.JSONArray.<init>(JSONArray.java:193)
at org.json.JSONObject.wrap(JSONObject.java:2165)
at org.json.JSONObject.populateMap(JSONObject.java:1460)
at org.json.JSONObject.<init>(JSONObject.java:315)
at org.json.JSONObject.wrap(JSONObject.java:2179)
at org.json.JSONArray.<init>(JSONArray.java:193)
at org.json.JSONObject.wrap(JSONObject.java:2165)
at org.json.JSONObject.populateMap(JSONObject.java:1460)
at org.json.JSONObject.<init>(JSONObject.java:315)
at org.json.JSONObject.wrap(JSONObject.java:2179)
at org.json.JSONArray.<init>(JSONArray.java:193)
at org.json.JSONObject.wrap(JSONObject.java:2165)
at org.json.JSONObject.populateMap(JSONObject.java:1460)
at org.json.JSONObject.<init>(JSONObject.java:315)
at org.json.JSONObject.wrap(JSONObject.java:2179)
at org.json.JSONArray.<init>(JSONArray.java:193)
at org.json.JSONObject.wrap(JSONObject.java:2165)
at org.json.JSONObject.populateMap(JSONObject.java:1460)
at org.json.JSONObject.<init>(JSONObject.java:315)
at org.json.JSONObject.wrap(JSONObject.java:2179)
at org.json.JSONArray.<init>(JSONArray.java:193)
at org.json.JSONObject.wrap(JSONObject.java:2165)
at org.json.JSONObject.populateMap(JSONObject.java:1460)
at org.json.JSONObject.<init>(JSONObject.java:315)
at org.json.JSONObject.wrap(JSONObject.java:2179)
at org.json.JSONArray.<init>(JSONArray.java:193)
at org.json.JSONObject.wrap(JSONObject.java:2165)
at org.json.JSONObject.populateMap(JSONObject.java:1460)
at org.json.JSONObject.<init>(JSONObject.java:315)
at org.json.JSONObject.wrap(JSONObject.java:2179)
at org.json.JSONArray.<init>(JSONArray.java:193)
at org.json.JSONObject.wrap(JSONObject.java:2165)
at org.json.JSONObject.populateMap(JSONObject.java:1460)
at org.json.JSONObject.<init>(JSONObject.java:315)
at org.json.JSONObject.wrap(JSONObject.java:2179)
at org.json.JSONArray.<init>(JSONArray.java:193)
at org.json.JSONObject.wrap(JSONObject.java:2165)
at org.json.JSONObject.populateMap(JSONObject.java:1460)
at org.json.JSONObject.<init>(JSONObject.java:315)
at org.json.JSONObject.wrap(JSONObject.java:2179)
at org.json.JSONArray.<init>(JSONArray.java:193)
at org.json.JSONObject.wrap(JSONObject.java:2165)
at org.json.JSONObject.populateMap(JSONObject.java:1460)
at org.json.JSONObject.<init>(JSONObject.java:315)
at org.json.JSONObject.wrap(JSONObject.java:2179)
at org.json.JSONArray.<init>(JSONArray.java:193)
at org.json.JSONObject.wrap(JSONObject.java:2165)
at org.json.JSONObject.populateMap(JSONObject.java:1460)
at org.json.JSONObject.<init>(JSONObject.java:315)
at org.json.JSONObject.wrap(JSONObject.java:2179)
at org.json.JSONArray.<init>(JSONArray.java:193)
at org.json.JSONObject.wrap(JSONObject.java:2165)
at org.json.JSONObject.populateMap(JSONObject.java:1460)
at org.json.JSONObject.<init>(JSONObject.java:315)
at org.json.JSONObject.wrap(JSONObject.java:2179)
at org.json.JSONArray.<init>(JSONArray.java:193)
at org.json.JSONObject.wrap(JSONObject.java:2165)
at org.json.JSONObject.populateMap(JSONObject.java:1460)
at org.json.JSONObject.<init>(JSONObject.java:315)
at org.json.JSONObject.wrap(JSONObject.java:2179)
at org.json.JSONArray.<init>(JSONArray.java:193)
at org.json.JSONObject.wrap(JSONObject.java:2165)
at org.json.JSONObject.populateMap(JSONObject.java:1460)
at org.json.JSONObject.<init>(JSONObject.java:315)
at org.json.JSONObject.wrap(JSONObject.java:2179)
at org.json.JSONArray.<init>(JSONArray.java:193)
at org.json.JSONObject.wrap(JSONObject.java:2165)
at org.json.JSONObject.populateMap(JSONObject.java:1460)
at org.json.JSONObject.<init>(JSONObject.java:315)
at org.json.JSONObject.wrap(JSONObject.java:2179)
at org.json.JSONArray.<init>(JSONArray.java:193)
at org.json.JSONObject.wrap(JSONObject.java:2165)
at org.json.JSONObject.populateMap(JSONObject.java:1460)
at org.json.JSONObject.<init>(JSONObject.java:315)
at org.json.JSONObject.wrap(JSONObject.java:2179)
at org.json.JSONArray.<init>(JSONArray.java:193)
at org.json.JSONObject.wrap(JSONObject.java:2165)
at org.json.JSONObject.populateMap(JSONObject.java:1460)
at org.json.JSONObject.<init>(JSONObject.java:315)
at org.json.JSONObject.wrap(JSONObject.java:2179)
at org.json.JSONArray.<init>(JSONArray.java:193)
at org.json.JSONObject.wrap(JSONObject.java:2165)
at org.json.JSONObject.populateMap(JSONObject.java:1460)
at org.json.JSONObject.<init>(JSONObject.java:315)
at org.json.JSONObject.wrap(JSONObject.java:2179)
at org.json.JSONArray.<init>(JSONArray.java:193)
at org.json.JSONObject.wrap(JSONObject.java:2165)
at org.json.JSONObject.populateMap(JSONObject.java:1460)
at org.json.JSONObject.<init>(JSONObject.java:315)
at org.json.JSONObject.wrap(JSONObject.java:2179)
at org.json.JSONArray.<init>(JSONArray.java:193)
at org.json.JSONObject.wrap(JSONObject.java:2165)
at org.json.JSONObject.populateMap(JSONObject.java:1460)
at org.json.JSONObject.<init>(JSONObject.java:315)
at org.json.JSONObject.wrap(JSONObject.java:2179)
at org.json.JSONArray.<init>(JSONArray.java:193)
at org.json.JSONObject.wrap(JSONObject.java:2165)
at org.json.JSONObject.populateMap(JSONObject.java:1460)
at org.json.JSONObject.<init>(JSONObject.java:315)
at org.json.JSONObject.wrap(JSONObject.java:2179)
at org.json.JSONArray.<init>(JSONArray.java:193)
at org.json.JSONObject.wrap(JSONObject.java:2165)
at org.json.JSONObject.populateMap(JSONObject.java:1460)
at org.json.JSONObject.<init>(JSONObject.java:315)
at org.json.JSONObject.wrap(JSONObject.java:2179)
at org.json.JSONArray.<init>(JSONArray.java:193)
at org.json.JSONObject.wrap(JSONObject.java:2165)
at org.json.JSONObject.populateMap(JSONObject.java:1460)
at org.json.JSONObject.<init>(JSONObject.java:315)
at org.json.JSONObject.wrap(JSONObject.java:2179)
at org.json.JSONArray.<init>(JSONArray.java:193)
at org.json.JSONObject.wrap(JSONObject.java:2165)
at org.json.JSONObject.populateMap(JSONObject.java:1460)
at org.json.JSONObject.<init>(JSONObject.java:315)
at org.json.JSONObject.wrap(JSONObject.java:2179)
at org.json.JSONArray.<init>(JSONArray.java:193)
at org.json.JSONObject.wrap(JSONObject.java:2165)
at org.json.JSONObject.populateMap(JSONObject.java:1460)
at org.json.JSONObject.<init>(JSONObject.java:315)
at org.json.JSONObject.wrap(JSONObject.java:2179)
at org.json.JSONArray.<init>(JSONArray.java:193)
at org.json.JSONObject.wrap(JSONObject.java:2165)
at org.json.JSONObject.populateMap(JSONObject.java:1460)
at org.json.JSONObject.<init>(JSONObject.java:315)
at org.json.JSONObject.wrap(JSONObject.java:2179)
at org.json.JSONArray.<init>(JSONArray.java:193)
at org.json.JSONObject.wrap(JSONObject.java:2165)
at org.json.JSONObject.populateMap(JSONObject.java:1460)
at org.json.JSONObject.<init>(JSONObject.java:315)
at org.json.JSONObject.wrap(JSONObject.java:2179)
at org.json.JSONArray.<init>(JSONArray.java:193)
at org.json.JSONObject.wrap(JSONObject.java:2165)
at org.json.JSONObject.populateMap(JSONObject.java:1460)
at org.json.JSONObject.<init>(JSONObject.java:315)
at org.json.JSONObject.wrap(JSONObject.java:2179)
at org.json.JSONArray.<init>(JSONArray.java:193)
at org.json.JSONObject.wrap(JSONObject.java:2165)
at org.json.JSONObject.populateMap(JSONObject.java:1460)
at org.json.JSONObject.<init>(JSONObject.java:315)
at org.json.JSONObject.wrap(JSONObject.java:2179)
at org.json.JSONArray.<init>(JSONArray.java:193)
at org.json.JSONObject.wrap(JSONObject.java:2165)
at org.json.JSONObject.populateMap(JSONObject.java:1460)
at org.json.JSONObject.<init>(JSONObject.java:315)
at org.json.JSONObject.wrap(JSONObject.java:2179)
at org.json.JSONArray.<init>(JSONArray.java:193)
at org.json.JSONObject.wrap(JSONObject.java:2165)
at org.json.JSONObject.populateMap(JSONObject.java:1460)
at org.json.JSONObject.<init>(JSONObject.java:315)
at org.json.JSONObject.wrap(JSONObject.java:2179)
at org.json.JSONArray.<init>(JSONArray.java:193)
at org.json.JSONObject.wrap(JSONObject.java:2165)
at org.json.JSONObject.populateMap(JSONObject.java:1460)
at org.json.JSONObject.<init>(JSONObject.java:315)
at org.json.JSONObject.wrap(JSONObject.java:2179)
at org.json.JSONArray.<init>(JSONArray.java:193)
at org.json.JSONObject.wrap(JSONObject.java:2165)
at org.json.JSONObject.populateMap(JSONObject.java:1460)
at org.json.JSONObject.<init>(JSONObject.java:315)
at org.json.JSONObject.wrap(JSONObject.java:2179)
at org.json.JSONArray.<init>(JSONArray.java:193)
at org.json.JSONObject.wrap(JSONObject.java:2165)
at org.json.JSONObject.populateMap(JSONObject.java:1460)
at org.json.JSONObject.<init>(JSONObject.java:315)
at org.json.JSONObject.wrap(JSONObject.java:2179)
at org.json.JSONArray.<init>(JSONArray.java:193)
at org.json.JSONObject.wrap(JSONObject.java:2165)
at org.json.JSONObject.populateMap(JSONObject.java:1460)
at org.json.JSONObject.<init>(JSONObject.java:315)
at org.json.JSONObject.wrap(JSONObject.java:2179)
at org.json.JSONArray.<init>(JSONArray.java:193)
at org.json.JSONObject.wrap(JSONObject.java:2165)
at org.json.JSONObject.populateMap(JSONObject.java:1460)
at org.json.JSONObject.<init>(JSONObject.java:315)
at org.json.JSONObject.wrap(JSONObject.java:2179)
at org.json.JSONArray.<init>(JSONArray.java:193)
at org.json.JSONObject.wrap(JSONObject.java:2165)
at org.json.JSONObject.populateMap(JSONObject.java:1460)
at org.json.JSONObject.<init>(JSONObject.java:315)
at org.json.JSONObject.wrap(JSONObject.java:2179)
at org.json.JSONArray.<init>(JSONArray.java:193)
at org.json.JSONObject.wrap(JSONObject.java:2165)
at org.json.JSONObject.populateMap(JSONObject.java:1460)
at org.json.JSONObject.<init>(JSONObject.java:315)
at org.json.JSONObject.wrap(JSONObject.java:2179)
at org.json.JSONArray.<init>(JSONArray.java:193)
at org.json.JSONObject.wrap(JSONObject.java:2165)
at org.json.JSONObject.populateMap(JSONObject.java:1460)
at org.json.JSONObject.<init>(JSONObject.java:315)
at org.json.JSONObject.wrap(JSONObject.java:2179)
at org.json.JSONArray.<init>(JSONArray.java:193)
at org.json.JSONObject.wrap(JSONObject.java:2165)
at org.json.JSONObject.populateMap(JSONObject.java:1460)
at org.json.JSONObject.<init>(JSONObject.java:315)
at org.json.JSONObject.wrap(JSONObject.java:2179)
at org.json.JSONArray.<init>(JSONArray.java:193)
at org.json.JSONObject.wrap(JSONObject.java:2165)
at org.json.JSONObject.populateMap(JSONObject.java:1460)
at org.json.JSONObject.<init>(JSONObject.java:315)
at org.json.JSONObject.wrap(JSONObject.java:2179)
at org.json.JSONArray.<init>(JSONArray.java:193)
at org.json.JSONObject.wrap(JSONObject.java:2165)
at org.json.JSONObject.populateMap(JSONObject.java:1460)
at org.json.JSONObject.<init>(JSONObject.java:315)
at org.json.JSONObject.wrap(JSONObject.java:2179)
at org.json.JSONArray.<init>(JSONArray.java:193)
at org.json.JSONObject.wrap(JSONObject.java:2165)
at org.json.JSONObject.populateMap(JSONObject.java:1460)
at org.json.JSONObject.<init>(JSONObject.java:315)
at org.json.JSONObject.wrap(JSONObject.java:2179)
at org.json.JSONArray.<init>(JSONArray.java:193)
at org.json.JSONObject.wrap(JSONObject.java:2165)
at org.json.JSONObject.populateMap(JSONObject.java:1460)
at org.json.JSONObject.<init>(JSONObject.java:315)
at org.json.JSONObject.wrap(JSONObject.java:2179)
at org.json.JSONArray.<init>(JSONArray.java:193)
at org.json.JSONObject.wrap(JSONObject.java:2165)
at org.json.JSONObject.populateMap(JSONObject.java:1460)
at org.json.JSONObject.<init>(JSONObject.java:315)
at org.json.JSONObject.wrap(JSONObject.java:2179)
at org.json.JSONArray.<init>(JSONArray.java:193)
at org.json.JSONObject.wrap(JSONObject.java:2165)
at org.json.JSONObject.populateMap(JSONObject.java:1460)
at org.json.JSONObject.<init>(JSONObject.java:315)
at org.json.JSONObject.wrap(JSONObject.java:2179)
at org.json.JSONArray.<init>(JSONArray.java:193)
at org.json.JSONObject.wrap(JSONObject.java:2165)
at org.json.JSONObject.populateMap(JSONObject.java:1460)
at org.json.JSONObject.<init>(JSONObject.java:315)
at org.json.JSONObject.wrap(JSONObject.java:2179)
at org.json.JSONArray.<init>(JSONArray.java:193)
at org.json.JSONObject.wrap(JSONObject.java:2165)
at org.json.JSONObject.populateMap(JSONObject.java:1460)
at org.json.JSONObject.<init>(JSONObject.java:315)
at org.json.JSONObject.wrap(JSONObject.java:2179)
at org.json.JSONArray.<init>(JSONArray.java:193)
at org.json.JSONObject.wrap(JSONObject.java:2165)
at org.json.JSONObject.populateMap(JSONObject.java:1460)
at org.json.JSONObject.<init>(JSONObject.java:315)
at org.json.JSONObject.wrap(JSONObject.java:2179)
at org.json.JSONArray.<init>(JSONArray.java:193)
at org.json.JSONObject.wrap(JSONObject.java:2165)
at org.json.JSONObject.populateMap(JSONObject.java:1460)
at org.json.JSONObject.<init>(JSONObject.java:315)
at org.json.JSONObject.wrap(JSONObject.java:2179)
at org.json.JSONArray.<init>(JSONArray.java:193)
at org.json.JSONObject.wrap(JSONObject.java:2165)
at org.json.JSONObject.populateMap(JSONObject.java:1460)
at org.json.JSONObject.<init>(JSONObject.java:315)
at org.json.JSONObject.wrap(JSONObject.java:2179)
at org.json.JSONArray.<init>(JSONArray.java:193)
at org.json.JSONObject.wrap(JSONObject.java:2165)
at org.json.JSONObject.populateMap(JSONObject.java:1460)
at org.json.JSONObject.<init>(JSONObject.java:315)
at org.json.JSONObject.wrap(JSONObject.java:2179)
at org.json.JSONArray.<init>(JSONArray.java:193)
at org.json.JSONObject.wrap(JSONObject.java:2165)
at org.json.JSONObject.populateMap(JSONObject.java:1460)
at org.json.JSONObject.<init>(JSONObject.java:315)
at org.json.JSONObject.wrap(JSONObject.java:2179)
at org.json.JSONArray.<init>(JSONArray.java:193)
at org.json.JSONObject.wrap(JSONObject.java:2165)
at org.json.JSONObject.populateMap(JSONObject.java:1460)
at org.json.JSONObject.<init>(JSONObject.java:315)
at org.json.JSONObject.wrap(JSONObject.java:2179)
at org.json.JSONArray.<init>(JSONArray.java:193)
at org.json.JSONObject.wrap(JSONObject.java:2165)
at org.json.JSONObject.populateMap(JSONObject.java:1460)
at org.json.JSONObject.<init>(JSONObject.java:315)
at org.json.JSONObject.wrap(JSONObject.java:2179)
at org.json.JSONArray.<init>(JSONArray.java:193)
at org.json.JSONObject.wrap(JSONObject.java:2165)
at org.json.JSONObject.populateMap(JSONObject.java:1460)
at org.json.JSONObject.<init>(JSONObject.java:315)
at org.json.JSONObject.wrap(JSONObject.java:2179)
at org.json.JSONArray.<init>(JSONArray.java:193)
at org.json.JSONObject.wrap(JSONObject.java:2165)
at org.json.JSONObject.populateMap(JSONObject.java:1460)
at org.json.JSONObject.<init>(JSONObject.java:315)
at org.json.JSONObject.wrap(JSONObject.java:2179)
at org.json.JSONArray.<init>(JSONArray.java:193)
at org.json.JSONObject.wrap(JSONObject.java:2165)
at org.json.JSONObject.populateMap(JSONObject.java:1460)
at org.json.JSONObject.<init>(JSONObject.java:315)
at org.json.JSONObject.wrap(JSONObject.java:2179)
at org.json.JSONArray.<init>(JSONArray.java:193)
at org.json.JSONObject.wrap(JSONObject.java:2165)
at org.json.JSONObject.populateMap(JSONObject.java:1460)
at org.json.JSONObject.<init>(JSONObject.java:315)
at org.json.JSONObject.wrap(JSONObject.java:2179)
at org.json.JSONArray.<init>(JSONArray.java:193)
at org.json.JSONObject.wrap(JSONObject.java:2165)
at org.json.JSONObject.populateMap(JSONObject.java:1460)
at org.json.JSONObject.<init>(JSONObject.java:315)
at org.json.JSONObject.wrap(JSONObject.java:2179)
at org.json.JSONArray.<init>(JSONArray.java:193)
at org.json.JSONObject.wrap(JSONObject.java:2165)
at org.json.JSONObject.populateMap(JSONObject.java:1460)
at org.json.JSONObject.<init>(JSONObject.java:315)
at org.json.JSONObject.wrap(JSONObject.java:2179)
at org.json.JSONArray.<init>(JSONArray.java:193)
at org.json.JSONObject.wrap(JSONObject.java:2165)
at org.json.JSONObject.populateMap(JSONObject.java:1460)
at org.json.JSONObject.<init>(JSONObject.java:315)
at org.json.JSONObject.wrap(JSONObject.java:2179)
at org.json.JSONArray.<init>(JSONArray.java:193)
at org.json.JSONObject.wrap(JSONObject.java:2165)
at org.json.JSONObject.populateMap(JSONObject.java:1460)
at org.json.JSONObject.<init>(JSONObject.java:315)
at org.json.JSONObject.wrap(JSONObject.java:2179)
at org.json.JSONArray.<init>(JSONArray.java:193)
at org.json.JSONObject.wrap(JSONObject.java:2165)
at org.json.JSONObject.populateMap(JSONObject.java:1460)
at org.json.JSONObject.<init>(JSONObject.java:315)
at org.json.JSONObject.wrap(JSONObject.java:2179)
at org.json.JSONArray.<init>(JSONArray.java:193)
at org.json.JSONObject.wrap(JSONObject.java:2165)
at org.json.JSONObject.populateMap(JSONObject.java:1460)
at org.json.JSONObject.<init>(JSONObject.java:315)
at org.json.JSONObject.wrap(JSONObject.java:2179)
at org.json.JSONArray.<init>(JSONArray.java:193)
at org.json.JSONObject.wrap(JSONObject.java:2165)
at org.json.JSONObject.populateMap(JSONObject.java:1460)
at org.json.JSONObject.<init>(JSONObject.java:315)
at org.json.JSONObject.wrap(JSONObject.java:2179)
at org.json.JSONArray.<init>(JSONArray.java:193)
at org.json.JSONObject.wrap(JSONObject.java:2165)
at org.json.JSONObject.populateMap(JSONObject.java:1460)
at org.json.JSONObject.<init>(JSONObject.java:315)
at org.json.JSONObject.wrap(JSONObject.java:2179)
at org.json.JSONArray.<init>(JSONArray.java:193)
at org.json.JSONObject.wrap(JSONObject.java:2165)
at org.json.JSONObject.populateMap(JSONObject.java:1460)
at org.json.JSONObject.<init>(JSONObject.java:315)
at org.json.JSONObject.wrap(JSONObject.java:2179)
at org.json.JSONArray.<init>(JSONArray.java:193)
at org.json.JSONObject.wrap(JSONObject.java:2165)
at org.json.JSONObject.populateMap(JSONObject.java:1460)
at org.json.JSONObject.<init>(JSONObject.java:315)
at org.json.JSONObject.wrap(JSONObject.java:2179)
at org.json.JSONArray.<init>(JSONArray.java:193)
at org.json.JSONObject.wrap(JSONObject.java:2165)
at org.json.JSONObject.populateMap(JSONObject.java:1460)
at org.json.JSONObject.<init>(JSONObject.java:315)
at org.json.JSONObject.wrap(JSONObject.java:2179)
at org.json.JSONArray.<init>(JSONArray.java:193)
at org.json.JSONObject.wrap(JSONObject.java:2165)
at org.json.JSONObject.populateMap(JSONObject.java:1460)
at org.json.JSONObject.<init>(JSONObject.java:315)
at org.json.JSONObject.wrap(JSONObject.java:2179)
at org.json.JSONArray.<init>(JSONArray.java:193)
at org.json.JSONObject.wrap(JSONObject.java:2165)
at org.json.JSONObject.populateMap(JSONObject.java:1460)
at org.json.JSONObject.<init>(JSONObject.java:315)
at org.json.JSONObject.wrap(JSONObject.java:2179)
at org.json.JSONArray.<init>(JSONArray.java:193)
at org.json.JSONObject.wrap(JSONObject.java:2165)
at org.json.JSONObject.populateMap(JSONObject.java:1460)
at org.json.JSONObject.<init>(JSONObject.java:315)
at org.json.JSONObject.wrap(JSONObject.java:2179)
at org.json.JSONArray.<init>(JSONArray.java:193)
at org.json.JSONObject.wrap(JSONObject.java:2165)
at org.json.JSONObject.populateMap(JSONObject.java:1460)
at org.json.JSONObject.<init>(JSONObject.java:315)
at org.json.JSONObject.wrap(JSONObject.java:2179)
at org.json.JSONArray.<init>(JSONArray.java:193)
at org.json.JSONObject.wrap(JSONObject.java:2165)
at org.json.JSONObject.populateMap(JSONObject.java:1460)
at org.json.JSONObject.<init>(JSONObject.java:315)
at org.json.JSONObject.wrap(JSONObject.java:2179)
at org.json.JSONArray.<init>(JSONArray.java:193)
at org.json.JSONObject.wrap(JSONObject.java:2165)
at org.json.JSONObject.populateMap(JSONObject.java:1460)
at org.json.JSONObject.<init>(JSONObject.java:315)
at org.json.JSONObject.wrap(JSONObject.java:2179)
at org.json.JSONArray.<init>(JSONArray.java:193)
at org.json.JSONObject.wrap(JSONObject.java:2165)
]]>
            </full-stacktrace>
          </exception> <!-- java.lang.StackOverflowError -->
          <reporter-output>
          </reporter-output>
        </test-method> <!-- get -->
      </class> <!-- restFramework.com.rest.service.Service -->
    </test> <!-- Default test -->
  </suite> <!-- Default suite -->
</testng-results>
